[2023-12-13 11:15:26,011] INFO [Controller id=0 epoch=22] Sending UpdateMetadata request to brokers HashSet(0) for 0 partitions (state.change.logger)
[2023-12-13 11:15:26,057] INFO [Controller id=0 epoch=22] Sending LeaderAndIsr request to broker 0 with 51 become-leader and 0 become-follower partitions (state.change.logger)
[2023-12-13 11:15:26,060] INFO [Controller id=0 epoch=22] Sending UpdateMetadata request to brokers HashSet(0) for 51 partitions (state.change.logger)
[2023-12-13 11:15:26,140] INFO [Broker id=0] Handling LeaderAndIsr request correlationId 1 from controller 0 for 51 partitions (state.change.logger)
[2023-12-13 11:15:26,185] INFO [Broker id=0] Stopped fetchers as part of LeaderAndIsr request correlationId 1 from controller 0 epoch 22 as part of the become-leader transition for 51 partitions (state.change.logger)
[2023-12-13 11:15:26,285] INFO [Broker id=0] Leader __consumer_offsets-3 with topic id Some(x5DYZxzFR_yMt85evRbliQ) starts at leader epoch 0 from offset 0 with partition epoch 0, high watermark 0, ISR [0], adding replicas [] and removing replicas [] . Previous leader None and previous leader epoch was -1. (state.change.logger)
[2023-12-13 11:15:26,309] INFO [Broker id=0] Leader __consumer_offsets-18 with topic id Some(x5DYZxzFR_yMt85evRbliQ) starts at leader epoch 0 from offset 0 with partition epoch 0, high watermark 0, ISR [0], adding replicas [] and removing replicas [] . Previous leader None and previous leader epoch was -1. (state.change.logger)
[2023-12-13 11:15:26,336] INFO [Broker id=0] Leader __consumer_offsets-41 with topic id Some(x5DYZxzFR_yMt85evRbliQ) starts at leader epoch 0 from offset 0 with partition epoch 0, high watermark 0, ISR [0], adding replicas [] and removing replicas [] . Previous leader None and previous leader epoch was -1. (state.change.logger)
[2023-12-13 11:15:26,357] INFO [Broker id=0] Leader __consumer_offsets-10 with topic id Some(x5DYZxzFR_yMt85evRbliQ) starts at leader epoch 0 from offset 0 with partition epoch 0, high watermark 0, ISR [0], adding replicas [] and removing replicas [] . Previous leader None and previous leader epoch was -1. (state.change.logger)
[2023-12-13 11:15:26,378] INFO [Broker id=0] Leader __consumer_offsets-33 with topic id Some(x5DYZxzFR_yMt85evRbliQ) starts at leader epoch 0 from offset 0 with partition epoch 0, high watermark 0, ISR [0], adding replicas [] and removing replicas [] . Previous leader None and previous leader epoch was -1. (state.change.logger)
[2023-12-13 11:15:26,405] INFO [Broker id=0] Leader __consumer_offsets-48 with topic id Some(x5DYZxzFR_yMt85evRbliQ) starts at leader epoch 0 from offset 0 with partition epoch 0, high watermark 0, ISR [0], adding replicas [] and removing replicas [] . Previous leader None and previous leader epoch was -1. (state.change.logger)
[2023-12-13 11:15:26,424] INFO [Broker id=0] Leader __consumer_offsets-19 with topic id Some(x5DYZxzFR_yMt85evRbliQ) starts at leader epoch 0 from offset 0 with partition epoch 0, high watermark 0, ISR [0], adding replicas [] and removing replicas [] . Previous leader None and previous leader epoch was -1. (state.change.logger)
[2023-12-13 11:15:26,442] INFO [Broker id=0] Leader __consumer_offsets-34 with topic id Some(x5DYZxzFR_yMt85evRbliQ) starts at leader epoch 0 from offset 0 with partition epoch 0, high watermark 0, ISR [0], adding replicas [] and removing replicas [] . Previous leader None and previous leader epoch was -1. (state.change.logger)
[2023-12-13 11:15:26,468] INFO [Broker id=0] Leader __consumer_offsets-4 with topic id Some(x5DYZxzFR_yMt85evRbliQ) starts at leader epoch 0 from offset 0 with partition epoch 0, high watermark 0, ISR [0], adding replicas [] and removing replicas [] . Previous leader None and previous leader epoch was -1. (state.change.logger)
[2023-12-13 11:15:26,496] INFO [Broker id=0] Leader __consumer_offsets-11 with topic id Some(x5DYZxzFR_yMt85evRbliQ) starts at leader epoch 0 from offset 0 with partition epoch 0, high watermark 0, ISR [0], adding replicas [] and removing replicas [] . Previous leader None and previous leader epoch was -1. (state.change.logger)
[2023-12-13 11:15:26,518] INFO [Broker id=0] Leader __consumer_offsets-26 with topic id Some(x5DYZxzFR_yMt85evRbliQ) starts at leader epoch 0 from offset 0 with partition epoch 0, high watermark 0, ISR [0], adding replicas [] and removing replicas [] . Previous leader None and previous leader epoch was -1. (state.change.logger)
[2023-12-13 11:15:26,539] INFO [Broker id=0] Leader __consumer_offsets-49 with topic id Some(x5DYZxzFR_yMt85evRbliQ) starts at leader epoch 0 from offset 0 with partition epoch 0, high watermark 0, ISR [0], adding replicas [] and removing replicas [] . Previous leader None and previous leader epoch was -1. (state.change.logger)
[2023-12-13 11:15:26,559] INFO [Broker id=0] Leader hoony-kafka-test-0 with topic id Some(jiCCutthSRmMo4_NzwFxGw) starts at leader epoch 0 from offset 0 with partition epoch 0, high watermark 0, ISR [0], adding replicas [] and removing replicas [] . Previous leader None and previous leader epoch was -1. (state.change.logger)
[2023-12-13 11:15:26,579] INFO [Broker id=0] Leader __consumer_offsets-39 with topic id Some(x5DYZxzFR_yMt85evRbliQ) starts at leader epoch 0 from offset 0 with partition epoch 0, high watermark 0, ISR [0], adding replicas [] and removing replicas [] . Previous leader None and previous leader epoch was -1. (state.change.logger)
[2023-12-13 11:15:26,599] INFO [Broker id=0] Leader __consumer_offsets-9 with topic id Some(x5DYZxzFR_yMt85evRbliQ) starts at leader epoch 0 from offset 0 with partition epoch 0, high watermark 0, ISR [0], adding replicas [] and removing replicas [] . Previous leader None and previous leader epoch was -1. (state.change.logger)
[2023-12-13 11:15:26,618] INFO [Broker id=0] Leader __consumer_offsets-24 with topic id Some(x5DYZxzFR_yMt85evRbliQ) starts at leader epoch 0 from offset 0 with partition epoch 0, high watermark 0, ISR [0], adding replicas [] and removing replicas [] . Previous leader None and previous leader epoch was -1. (state.change.logger)
[2023-12-13 11:15:26,638] INFO [Broker id=0] Leader __consumer_offsets-31 with topic id Some(x5DYZxzFR_yMt85evRbliQ) starts at leader epoch 0 from offset 0 with partition epoch 0, high watermark 0, ISR [0], adding replicas [] and removing replicas [] . Previous leader None and previous leader epoch was -1. (state.change.logger)
[2023-12-13 11:15:26,656] INFO [Broker id=0] Leader __consumer_offsets-46 with topic id Some(x5DYZxzFR_yMt85evRbliQ) starts at leader epoch 0 from offset 0 with partition epoch 0, high watermark 0, ISR [0], adding replicas [] and removing replicas [] . Previous leader None and previous leader epoch was -1. (state.change.logger)
[2023-12-13 11:15:26,683] INFO [Broker id=0] Leader __consumer_offsets-1 with topic id Some(x5DYZxzFR_yMt85evRbliQ) starts at leader epoch 0 from offset 0 with partition epoch 0, high watermark 0, ISR [0], adding replicas [] and removing replicas [] . Previous leader None and previous leader epoch was -1. (state.change.logger)
[2023-12-13 11:15:26,702] INFO [Broker id=0] Leader __consumer_offsets-16 with topic id Some(x5DYZxzFR_yMt85evRbliQ) starts at leader epoch 0 from offset 0 with partition epoch 0, high watermark 0, ISR [0], adding replicas [] and removing replicas [] . Previous leader None and previous leader epoch was -1. (state.change.logger)
[2023-12-13 11:15:26,722] INFO [Broker id=0] Leader __consumer_offsets-2 with topic id Some(x5DYZxzFR_yMt85evRbliQ) starts at leader epoch 0 from offset 0 with partition epoch 0, high watermark 0, ISR [0], adding replicas [] and removing replicas [] . Previous leader None and previous leader epoch was -1. (state.change.logger)
[2023-12-13 11:15:26,740] INFO [Broker id=0] Leader __consumer_offsets-25 with topic id Some(x5DYZxzFR_yMt85evRbliQ) starts at leader epoch 0 from offset 0 with partition epoch 0, high watermark 0, ISR [0], adding replicas [] and removing replicas [] . Previous leader None and previous leader epoch was -1. (state.change.logger)
[2023-12-13 11:15:26,763] INFO [Broker id=0] Leader __consumer_offsets-40 with topic id Some(x5DYZxzFR_yMt85evRbliQ) starts at leader epoch 0 from offset 0 with partition epoch 0, high watermark 0, ISR [0], adding replicas [] and removing replicas [] . Previous leader None and previous leader epoch was -1. (state.change.logger)
[2023-12-13 11:15:26,782] INFO [Broker id=0] Leader __consumer_offsets-47 with topic id Some(x5DYZxzFR_yMt85evRbliQ) starts at leader epoch 0 from offset 0 with partition epoch 0, high watermark 0, ISR [0], adding replicas [] and removing replicas [] . Previous leader None and previous leader epoch was -1. (state.change.logger)
[2023-12-13 11:15:26,800] INFO [Broker id=0] Leader __consumer_offsets-17 with topic id Some(x5DYZxzFR_yMt85evRbliQ) starts at leader epoch 0 from offset 0 with partition epoch 0, high watermark 0, ISR [0], adding replicas [] and removing replicas [] . Previous leader None and previous leader epoch was -1. (state.change.logger)
[2023-12-13 11:15:26,819] INFO [Broker id=0] Leader __consumer_offsets-32 with topic id Some(x5DYZxzFR_yMt85evRbliQ) starts at leader epoch 0 from offset 0 with partition epoch 0, high watermark 0, ISR [0], adding replicas [] and removing replicas [] . Previous leader None and previous leader epoch was -1. (state.change.logger)
[2023-12-13 11:15:26,842] INFO [Broker id=0] Leader __consumer_offsets-37 with topic id Some(x5DYZxzFR_yMt85evRbliQ) starts at leader epoch 0 from offset 0 with partition epoch 0, high watermark 0, ISR [0], adding replicas [] and removing replicas [] . Previous leader None and previous leader epoch was -1. (state.change.logger)
[2023-12-13 11:15:26,860] INFO [Broker id=0] Leader __consumer_offsets-7 with topic id Some(x5DYZxzFR_yMt85evRbliQ) starts at leader epoch 0 from offset 0 with partition epoch 0, high watermark 0, ISR [0], adding replicas [] and removing replicas [] . Previous leader None and previous leader epoch was -1. (state.change.logger)
[2023-12-13 11:15:26,883] INFO [Broker id=0] Leader __consumer_offsets-22 with topic id Some(x5DYZxzFR_yMt85evRbliQ) starts at leader epoch 0 from offset 0 with partition epoch 0, high watermark 0, ISR [0], adding replicas [] and removing replicas [] . Previous leader None and previous leader epoch was -1. (state.change.logger)
[2023-12-13 11:15:26,907] INFO [Broker id=0] Leader __consumer_offsets-29 with topic id Some(x5DYZxzFR_yMt85evRbliQ) starts at leader epoch 0 from offset 0 with partition epoch 0, high watermark 0, ISR [0], adding replicas [] and removing replicas [] . Previous leader None and previous leader epoch was -1. (state.change.logger)
[2023-12-13 11:15:26,931] INFO [Broker id=0] Leader __consumer_offsets-44 with topic id Some(x5DYZxzFR_yMt85evRbliQ) starts at leader epoch 0 from offset 0 with partition epoch 0, high watermark 0, ISR [0], adding replicas [] and removing replicas [] . Previous leader None and previous leader epoch was -1. (state.change.logger)
[2023-12-13 11:15:26,956] INFO [Broker id=0] Leader __consumer_offsets-14 with topic id Some(x5DYZxzFR_yMt85evRbliQ) starts at leader epoch 0 from offset 0 with partition epoch 0, high watermark 0, ISR [0], adding replicas [] and removing replicas [] . Previous leader None and previous leader epoch was -1. (state.change.logger)
[2023-12-13 11:15:26,974] INFO [Broker id=0] Leader __consumer_offsets-23 with topic id Some(x5DYZxzFR_yMt85evRbliQ) starts at leader epoch 0 from offset 0 with partition epoch 0, high watermark 0, ISR [0], adding replicas [] and removing replicas [] . Previous leader None and previous leader epoch was -1. (state.change.logger)
[2023-12-13 11:15:26,999] INFO [Broker id=0] Leader __consumer_offsets-38 with topic id Some(x5DYZxzFR_yMt85evRbliQ) starts at leader epoch 0 from offset 0 with partition epoch 0, high watermark 0, ISR [0], adding replicas [] and removing replicas [] . Previous leader None and previous leader epoch was -1. (state.change.logger)
[2023-12-13 11:15:27,025] INFO [Broker id=0] Leader __consumer_offsets-8 with topic id Some(x5DYZxzFR_yMt85evRbliQ) starts at leader epoch 0 from offset 0 with partition epoch 0, high watermark 0, ISR [0], adding replicas [] and removing replicas [] . Previous leader None and previous leader epoch was -1. (state.change.logger)
[2023-12-13 11:15:27,047] INFO [Broker id=0] Leader __consumer_offsets-45 with topic id Some(x5DYZxzFR_yMt85evRbliQ) starts at leader epoch 0 from offset 0 with partition epoch 0, high watermark 0, ISR [0], adding replicas [] and removing replicas [] . Previous leader None and previous leader epoch was -1. (state.change.logger)
[2023-12-13 11:15:27,069] INFO [Broker id=0] Leader __consumer_offsets-15 with topic id Some(x5DYZxzFR_yMt85evRbliQ) starts at leader epoch 0 from offset 0 with partition epoch 0, high watermark 0, ISR [0], adding replicas [] and removing replicas [] . Previous leader None and previous leader epoch was -1. (state.change.logger)
[2023-12-13 11:15:27,090] INFO [Broker id=0] Leader __consumer_offsets-30 with topic id Some(x5DYZxzFR_yMt85evRbliQ) starts at leader epoch 0 from offset 0 with partition epoch 0, high watermark 0, ISR [0], adding replicas [] and removing replicas [] . Previous leader None and previous leader epoch was -1. (state.change.logger)
[2023-12-13 11:15:27,109] INFO [Broker id=0] Leader __consumer_offsets-0 with topic id Some(x5DYZxzFR_yMt85evRbliQ) starts at leader epoch 0 from offset 0 with partition epoch 0, high watermark 0, ISR [0], adding replicas [] and removing replicas [] . Previous leader None and previous leader epoch was -1. (state.change.logger)
[2023-12-13 11:15:27,127] INFO [Broker id=0] Leader __consumer_offsets-35 with topic id Some(x5DYZxzFR_yMt85evRbliQ) starts at leader epoch 0 from offset 0 with partition epoch 0, high watermark 0, ISR [0], adding replicas [] and removing replicas [] . Previous leader None and previous leader epoch was -1. (state.change.logger)
[2023-12-13 11:15:27,145] INFO [Broker id=0] Leader __consumer_offsets-5 with topic id Some(x5DYZxzFR_yMt85evRbliQ) starts at leader epoch 0 from offset 0 with partition epoch 0, high watermark 0, ISR [0], adding replicas [] and removing replicas [] . Previous leader None and previous leader epoch was -1. (state.change.logger)
[2023-12-13 11:15:27,164] INFO [Broker id=0] Leader __consumer_offsets-20 with topic id Some(x5DYZxzFR_yMt85evRbliQ) starts at leader epoch 0 from offset 0 with partition epoch 0, high watermark 0, ISR [0], adding replicas [] and removing replicas [] . Previous leader None and previous leader epoch was -1. (state.change.logger)
[2023-12-13 11:15:27,191] INFO [Broker id=0] Leader __consumer_offsets-27 with topic id Some(x5DYZxzFR_yMt85evRbliQ) starts at leader epoch 0 from offset 0 with partition epoch 0, high watermark 0, ISR [0], adding replicas [] and removing replicas [] . Previous leader None and previous leader epoch was -1. (state.change.logger)
[2023-12-13 11:15:27,218] INFO [Broker id=0] Leader __consumer_offsets-42 with topic id Some(x5DYZxzFR_yMt85evRbliQ) starts at leader epoch 0 from offset 0 with partition epoch 0, high watermark 0, ISR [0], adding replicas [] and removing replicas [] . Previous leader None and previous leader epoch was -1. (state.change.logger)
[2023-12-13 11:15:27,234] INFO [Broker id=0] Leader __consumer_offsets-12 with topic id Some(x5DYZxzFR_yMt85evRbliQ) starts at leader epoch 0 from offset 0 with partition epoch 0, high watermark 0, ISR [0], adding replicas [] and removing replicas [] . Previous leader None and previous leader epoch was -1. (state.change.logger)
[2023-12-13 11:15:27,253] INFO [Broker id=0] Leader __consumer_offsets-21 with topic id Some(x5DYZxzFR_yMt85evRbliQ) starts at leader epoch 0 from offset 0 with partition epoch 0, high watermark 0, ISR [0], adding replicas [] and removing replicas [] . Previous leader None and previous leader epoch was -1. (state.change.logger)
[2023-12-13 11:15:27,272] INFO [Broker id=0] Leader __consumer_offsets-36 with topic id Some(x5DYZxzFR_yMt85evRbliQ) starts at leader epoch 0 from offset 0 with partition epoch 0, high watermark 0, ISR [0], adding replicas [] and removing replicas [] . Previous leader None and previous leader epoch was -1. (state.change.logger)
[2023-12-13 11:15:27,290] INFO [Broker id=0] Leader __consumer_offsets-6 with topic id Some(x5DYZxzFR_yMt85evRbliQ) starts at leader epoch 0 from offset 0 with partition epoch 0, high watermark 0, ISR [0], adding replicas [] and removing replicas [] . Previous leader None and previous leader epoch was -1. (state.change.logger)
[2023-12-13 11:15:27,308] INFO [Broker id=0] Leader __consumer_offsets-43 with topic id Some(x5DYZxzFR_yMt85evRbliQ) starts at leader epoch 0 from offset 0 with partition epoch 0, high watermark 0, ISR [0], adding replicas [] and removing replicas [] . Previous leader None and previous leader epoch was -1. (state.change.logger)
[2023-12-13 11:15:27,326] INFO [Broker id=0] Leader __consumer_offsets-13 with topic id Some(x5DYZxzFR_yMt85evRbliQ) starts at leader epoch 0 from offset 0 with partition epoch 0, high watermark 0, ISR [0], adding replicas [] and removing replicas [] . Previous leader None and previous leader epoch was -1. (state.change.logger)
[2023-12-13 11:15:27,344] INFO [Broker id=0] Leader __consumer_offsets-28 with topic id Some(x5DYZxzFR_yMt85evRbliQ) starts at leader epoch 0 from offset 0 with partition epoch 0, high watermark 0, ISR [0], adding replicas [] and removing replicas [] . Previous leader None and previous leader epoch was -1. (state.change.logger)
[2023-12-13 11:15:27,450] INFO [Broker id=0] Finished LeaderAndIsr request in 1312ms correlationId 1 from controller 0 for 51 partitions (state.change.logger)
[2023-12-13 11:15:27,459] INFO [Broker id=0] Add 51 partitions and deleted 0 partitions from metadata cache in response to UpdateMetadata request sent by controller 0 epoch 22 with correlation id 2 (state.change.logger)
[2023-12-13 11:41:17,249] INFO [Controller id=0 epoch=22] Changed partition quickstart-events-0 state from NonExistentPartition to NewPartition with assigned replicas 0 (state.change.logger)
[2023-12-13 11:41:17,249] INFO [Controller id=0 epoch=22] Sending UpdateMetadata request to brokers HashSet() for 0 partitions (state.change.logger)
[2023-12-13 11:41:17,251] INFO [Controller id=0 epoch=22] Sending UpdateMetadata request to brokers HashSet() for 0 partitions (state.change.logger)
[2023-12-13 11:41:17,267] INFO [Controller id=0 epoch=22] Changed partition quickstart-events-0 from NewPartition to OnlinePartition with state LeaderAndIsr(leader=0, leaderEpoch=0, isrWithBrokerEpoch=List(BrokerState(brokerId=0, brokerEpoch=-1)), leaderRecoveryState=RECOVERED, partitionEpoch=0) (state.change.logger)
[2023-12-13 11:41:17,268] INFO [Controller id=0 epoch=22] Sending LeaderAndIsr request to broker 0 with 1 become-leader and 0 become-follower partitions (state.change.logger)
[2023-12-13 11:41:17,268] INFO [Controller id=0 epoch=22] Sending UpdateMetadata request to brokers HashSet(0) for 1 partitions (state.change.logger)
[2023-12-13 11:41:17,268] INFO [Controller id=0 epoch=22] Sending UpdateMetadata request to brokers HashSet() for 0 partitions (state.change.logger)
[2023-12-13 11:41:17,274] INFO [Broker id=0] Handling LeaderAndIsr request correlationId 3 from controller 0 for 1 partitions (state.change.logger)
[2023-12-13 11:41:17,274] INFO [Broker id=0] Stopped fetchers as part of LeaderAndIsr request correlationId 3 from controller 0 epoch 22 as part of the become-leader transition for 1 partitions (state.change.logger)
[2023-12-13 11:41:17,296] INFO [Broker id=0] Leader quickstart-events-0 with topic id Some(6VYJypObRPqYYEiPMy_UDw) starts at leader epoch 0 from offset 0 with partition epoch 0, high watermark 0, ISR [0], adding replicas [] and removing replicas [] . Previous leader None and previous leader epoch was -1. (state.change.logger)
[2023-12-13 11:41:17,305] INFO [Broker id=0] Finished LeaderAndIsr request in 32ms correlationId 3 from controller 0 for 1 partitions (state.change.logger)
[2023-12-13 11:41:17,307] INFO [Broker id=0] Add 1 partitions and deleted 0 partitions from metadata cache in response to UpdateMetadata request sent by controller 0 epoch 22 with correlation id 4 (state.change.logger)
[2023-12-13 11:41:17,834] INFO [Controller id=0 epoch=22] Sending UpdateMetadata request to brokers HashSet() for 0 partitions (state.change.logger)
[2023-12-13 11:41:29,636] INFO [Controller id=0 epoch=23] Sending UpdateMetadata request to brokers HashSet(0) for 0 partitions (state.change.logger)
[2023-12-13 11:41:29,679] INFO [Controller id=0 epoch=23] Sending LeaderAndIsr request to broker 0 with 52 become-leader and 0 become-follower partitions (state.change.logger)
[2023-12-13 11:41:29,681] INFO [Controller id=0 epoch=23] Sending UpdateMetadata request to brokers HashSet(0) for 52 partitions (state.change.logger)
[2023-12-13 11:41:30,234] INFO [Broker id=0] Handling LeaderAndIsr request correlationId 1 from controller 0 for 52 partitions (state.change.logger)
[2023-12-13 11:41:30,281] INFO [Broker id=0] Stopped fetchers as part of LeaderAndIsr request correlationId 1 from controller 0 epoch 23 as part of the become-leader transition for 52 partitions (state.change.logger)
[2023-12-13 11:41:30,301] INFO [Broker id=0] Leader __consumer_offsets-3 with topic id Some(x5DYZxzFR_yMt85evRbliQ) starts at leader epoch 0 from offset 0 with partition epoch 0, high watermark 0, ISR [0], adding replicas [] and removing replicas [] . Previous leader None and previous leader epoch was -1. (state.change.logger)
[2023-12-13 11:41:30,315] INFO [Broker id=0] Leader quickstart-events-0 with topic id Some(6VYJypObRPqYYEiPMy_UDw) starts at leader epoch 0 from offset 0 with partition epoch 0, high watermark 0, ISR [0], adding replicas [] and removing replicas [] . Previous leader None and previous leader epoch was -1. (state.change.logger)
[2023-12-13 11:41:30,321] INFO [Broker id=0] Leader __consumer_offsets-18 with topic id Some(x5DYZxzFR_yMt85evRbliQ) starts at leader epoch 0 from offset 0 with partition epoch 0, high watermark 0, ISR [0], adding replicas [] and removing replicas [] . Previous leader None and previous leader epoch was -1. (state.change.logger)
[2023-12-13 11:41:30,327] INFO [Broker id=0] Leader __consumer_offsets-41 with topic id Some(x5DYZxzFR_yMt85evRbliQ) starts at leader epoch 0 from offset 0 with partition epoch 0, high watermark 0, ISR [0], adding replicas [] and removing replicas [] . Previous leader None and previous leader epoch was -1. (state.change.logger)
[2023-12-13 11:41:30,332] INFO [Broker id=0] Leader __consumer_offsets-10 with topic id Some(x5DYZxzFR_yMt85evRbliQ) starts at leader epoch 0 from offset 0 with partition epoch 0, high watermark 0, ISR [0], adding replicas [] and removing replicas [] . Previous leader None and previous leader epoch was -1. (state.change.logger)
[2023-12-13 11:41:30,347] INFO [Broker id=0] Leader __consumer_offsets-33 with topic id Some(x5DYZxzFR_yMt85evRbliQ) starts at leader epoch 0 from offset 0 with partition epoch 0, high watermark 0, ISR [0], adding replicas [] and removing replicas [] . Previous leader None and previous leader epoch was -1. (state.change.logger)
[2023-12-13 11:41:30,353] INFO [Broker id=0] Leader __consumer_offsets-48 with topic id Some(x5DYZxzFR_yMt85evRbliQ) starts at leader epoch 0 from offset 0 with partition epoch 0, high watermark 0, ISR [0], adding replicas [] and removing replicas [] . Previous leader None and previous leader epoch was -1. (state.change.logger)
[2023-12-13 11:41:30,358] INFO [Broker id=0] Leader __consumer_offsets-19 with topic id Some(x5DYZxzFR_yMt85evRbliQ) starts at leader epoch 0 from offset 0 with partition epoch 0, high watermark 0, ISR [0], adding replicas [] and removing replicas [] . Previous leader None and previous leader epoch was -1. (state.change.logger)
[2023-12-13 11:41:30,364] INFO [Broker id=0] Leader __consumer_offsets-34 with topic id Some(x5DYZxzFR_yMt85evRbliQ) starts at leader epoch 0 from offset 0 with partition epoch 0, high watermark 0, ISR [0], adding replicas [] and removing replicas [] . Previous leader None and previous leader epoch was -1. (state.change.logger)
[2023-12-13 11:41:30,374] INFO [Broker id=0] Leader __consumer_offsets-4 with topic id Some(x5DYZxzFR_yMt85evRbliQ) starts at leader epoch 0 from offset 0 with partition epoch 0, high watermark 0, ISR [0], adding replicas [] and removing replicas [] . Previous leader None and previous leader epoch was -1. (state.change.logger)
[2023-12-13 11:41:30,379] INFO [Broker id=0] Leader __consumer_offsets-11 with topic id Some(x5DYZxzFR_yMt85evRbliQ) starts at leader epoch 0 from offset 0 with partition epoch 0, high watermark 0, ISR [0], adding replicas [] and removing replicas [] . Previous leader None and previous leader epoch was -1. (state.change.logger)
[2023-12-13 11:41:30,385] INFO [Broker id=0] Leader __consumer_offsets-26 with topic id Some(x5DYZxzFR_yMt85evRbliQ) starts at leader epoch 0 from offset 0 with partition epoch 0, high watermark 0, ISR [0], adding replicas [] and removing replicas [] . Previous leader None and previous leader epoch was -1. (state.change.logger)
[2023-12-13 11:41:30,392] INFO [Broker id=0] Leader __consumer_offsets-49 with topic id Some(x5DYZxzFR_yMt85evRbliQ) starts at leader epoch 0 from offset 0 with partition epoch 0, high watermark 0, ISR [0], adding replicas [] and removing replicas [] . Previous leader None and previous leader epoch was -1. (state.change.logger)
[2023-12-13 11:41:30,398] INFO [Broker id=0] Leader hoony-kafka-test-0 with topic id Some(jiCCutthSRmMo4_NzwFxGw) starts at leader epoch 0 from offset 0 with partition epoch 0, high watermark 0, ISR [0], adding replicas [] and removing replicas [] . Previous leader None and previous leader epoch was -1. (state.change.logger)
[2023-12-13 11:41:30,407] INFO [Broker id=0] Leader __consumer_offsets-39 with topic id Some(x5DYZxzFR_yMt85evRbliQ) starts at leader epoch 0 from offset 0 with partition epoch 0, high watermark 0, ISR [0], adding replicas [] and removing replicas [] . Previous leader None and previous leader epoch was -1. (state.change.logger)
[2023-12-13 11:41:30,416] INFO [Broker id=0] Leader __consumer_offsets-9 with topic id Some(x5DYZxzFR_yMt85evRbliQ) starts at leader epoch 0 from offset 0 with partition epoch 0, high watermark 0, ISR [0], adding replicas [] and removing replicas [] . Previous leader None and previous leader epoch was -1. (state.change.logger)
[2023-12-13 11:41:30,423] INFO [Broker id=0] Leader __consumer_offsets-24 with topic id Some(x5DYZxzFR_yMt85evRbliQ) starts at leader epoch 0 from offset 0 with partition epoch 0, high watermark 0, ISR [0], adding replicas [] and removing replicas [] . Previous leader None and previous leader epoch was -1. (state.change.logger)
[2023-12-13 11:41:30,432] INFO [Broker id=0] Leader __consumer_offsets-31 with topic id Some(x5DYZxzFR_yMt85evRbliQ) starts at leader epoch 0 from offset 0 with partition epoch 0, high watermark 0, ISR [0], adding replicas [] and removing replicas [] . Previous leader None and previous leader epoch was -1. (state.change.logger)
[2023-12-13 11:41:30,438] INFO [Broker id=0] Leader __consumer_offsets-46 with topic id Some(x5DYZxzFR_yMt85evRbliQ) starts at leader epoch 0 from offset 0 with partition epoch 0, high watermark 0, ISR [0], adding replicas [] and removing replicas [] . Previous leader None and previous leader epoch was -1. (state.change.logger)
[2023-12-13 11:41:30,443] INFO [Broker id=0] Leader __consumer_offsets-1 with topic id Some(x5DYZxzFR_yMt85evRbliQ) starts at leader epoch 0 from offset 0 with partition epoch 0, high watermark 0, ISR [0], adding replicas [] and removing replicas [] . Previous leader None and previous leader epoch was -1. (state.change.logger)
[2023-12-13 11:41:30,450] INFO [Broker id=0] Leader __consumer_offsets-16 with topic id Some(x5DYZxzFR_yMt85evRbliQ) starts at leader epoch 0 from offset 0 with partition epoch 0, high watermark 0, ISR [0], adding replicas [] and removing replicas [] . Previous leader None and previous leader epoch was -1. (state.change.logger)
[2023-12-13 11:41:30,461] INFO [Broker id=0] Leader __consumer_offsets-2 with topic id Some(x5DYZxzFR_yMt85evRbliQ) starts at leader epoch 0 from offset 0 with partition epoch 0, high watermark 0, ISR [0], adding replicas [] and removing replicas [] . Previous leader None and previous leader epoch was -1. (state.change.logger)
[2023-12-13 11:41:30,471] INFO [Broker id=0] Leader __consumer_offsets-25 with topic id Some(x5DYZxzFR_yMt85evRbliQ) starts at leader epoch 0 from offset 0 with partition epoch 0, high watermark 0, ISR [0], adding replicas [] and removing replicas [] . Previous leader None and previous leader epoch was -1. (state.change.logger)
[2023-12-13 11:41:30,477] INFO [Broker id=0] Leader __consumer_offsets-40 with topic id Some(x5DYZxzFR_yMt85evRbliQ) starts at leader epoch 0 from offset 0 with partition epoch 0, high watermark 0, ISR [0], adding replicas [] and removing replicas [] . Previous leader None and previous leader epoch was -1. (state.change.logger)
[2023-12-13 11:41:30,483] INFO [Broker id=0] Leader __consumer_offsets-47 with topic id Some(x5DYZxzFR_yMt85evRbliQ) starts at leader epoch 0 from offset 0 with partition epoch 0, high watermark 0, ISR [0], adding replicas [] and removing replicas [] . Previous leader None and previous leader epoch was -1. (state.change.logger)
[2023-12-13 11:41:30,489] INFO [Broker id=0] Leader __consumer_offsets-17 with topic id Some(x5DYZxzFR_yMt85evRbliQ) starts at leader epoch 0 from offset 0 with partition epoch 0, high watermark 0, ISR [0], adding replicas [] and removing replicas [] . Previous leader None and previous leader epoch was -1. (state.change.logger)
[2023-12-13 11:41:30,498] INFO [Broker id=0] Leader __consumer_offsets-32 with topic id Some(x5DYZxzFR_yMt85evRbliQ) starts at leader epoch 0 from offset 0 with partition epoch 0, high watermark 0, ISR [0], adding replicas [] and removing replicas [] . Previous leader None and previous leader epoch was -1. (state.change.logger)
[2023-12-13 11:41:30,504] INFO [Broker id=0] Leader __consumer_offsets-37 with topic id Some(x5DYZxzFR_yMt85evRbliQ) starts at leader epoch 0 from offset 0 with partition epoch 0, high watermark 0, ISR [0], adding replicas [] and removing replicas [] . Previous leader None and previous leader epoch was -1. (state.change.logger)
[2023-12-13 11:41:30,514] INFO [Broker id=0] Leader __consumer_offsets-7 with topic id Some(x5DYZxzFR_yMt85evRbliQ) starts at leader epoch 0 from offset 0 with partition epoch 0, high watermark 0, ISR [0], adding replicas [] and removing replicas [] . Previous leader None and previous leader epoch was -1. (state.change.logger)
[2023-12-13 11:41:30,519] INFO [Broker id=0] Leader __consumer_offsets-22 with topic id Some(x5DYZxzFR_yMt85evRbliQ) starts at leader epoch 0 from offset 0 with partition epoch 0, high watermark 0, ISR [0], adding replicas [] and removing replicas [] . Previous leader None and previous leader epoch was -1. (state.change.logger)
[2023-12-13 11:41:30,525] INFO [Broker id=0] Leader __consumer_offsets-29 with topic id Some(x5DYZxzFR_yMt85evRbliQ) starts at leader epoch 0 from offset 0 with partition epoch 0, high watermark 0, ISR [0], adding replicas [] and removing replicas [] . Previous leader None and previous leader epoch was -1. (state.change.logger)
[2023-12-13 11:41:30,533] INFO [Broker id=0] Leader __consumer_offsets-44 with topic id Some(x5DYZxzFR_yMt85evRbliQ) starts at leader epoch 0 from offset 0 with partition epoch 0, high watermark 0, ISR [0], adding replicas [] and removing replicas [] . Previous leader None and previous leader epoch was -1. (state.change.logger)
[2023-12-13 11:41:30,539] INFO [Broker id=0] Leader __consumer_offsets-14 with topic id Some(x5DYZxzFR_yMt85evRbliQ) starts at leader epoch 0 from offset 0 with partition epoch 0, high watermark 0, ISR [0], adding replicas [] and removing replicas [] . Previous leader None and previous leader epoch was -1. (state.change.logger)
[2023-12-13 11:41:30,545] INFO [Broker id=0] Leader __consumer_offsets-23 with topic id Some(x5DYZxzFR_yMt85evRbliQ) starts at leader epoch 0 from offset 0 with partition epoch 0, high watermark 0, ISR [0], adding replicas [] and removing replicas [] . Previous leader None and previous leader epoch was -1. (state.change.logger)
[2023-12-13 11:41:30,550] INFO [Broker id=0] Leader __consumer_offsets-38 with topic id Some(x5DYZxzFR_yMt85evRbliQ) starts at leader epoch 0 from offset 0 with partition epoch 0, high watermark 0, ISR [0], adding replicas [] and removing replicas [] . Previous leader None and previous leader epoch was -1. (state.change.logger)
[2023-12-13 11:41:30,556] INFO [Broker id=0] Leader __consumer_offsets-8 with topic id Some(x5DYZxzFR_yMt85evRbliQ) starts at leader epoch 0 from offset 0 with partition epoch 0, high watermark 0, ISR [0], adding replicas [] and removing replicas [] . Previous leader None and previous leader epoch was -1. (state.change.logger)
[2023-12-13 11:41:30,562] INFO [Broker id=0] Leader __consumer_offsets-45 with topic id Some(x5DYZxzFR_yMt85evRbliQ) starts at leader epoch 0 from offset 0 with partition epoch 0, high watermark 0, ISR [0], adding replicas [] and removing replicas [] . Previous leader None and previous leader epoch was -1. (state.change.logger)
[2023-12-13 11:41:30,567] INFO [Broker id=0] Leader __consumer_offsets-15 with topic id Some(x5DYZxzFR_yMt85evRbliQ) starts at leader epoch 0 from offset 0 with partition epoch 0, high watermark 0, ISR [0], adding replicas [] and removing replicas [] . Previous leader None and previous leader epoch was -1. (state.change.logger)
[2023-12-13 11:41:30,573] INFO [Broker id=0] Leader __consumer_offsets-30 with topic id Some(x5DYZxzFR_yMt85evRbliQ) starts at leader epoch 0 from offset 0 with partition epoch 0, high watermark 0, ISR [0], adding replicas [] and removing replicas [] . Previous leader None and previous leader epoch was -1. (state.change.logger)
[2023-12-13 11:41:30,583] INFO [Broker id=0] Leader __consumer_offsets-0 with topic id Some(x5DYZxzFR_yMt85evRbliQ) starts at leader epoch 0 from offset 0 with partition epoch 0, high watermark 0, ISR [0], adding replicas [] and removing replicas [] . Previous leader None and previous leader epoch was -1. (state.change.logger)
[2023-12-13 11:41:30,588] INFO [Broker id=0] Leader __consumer_offsets-35 with topic id Some(x5DYZxzFR_yMt85evRbliQ) starts at leader epoch 0 from offset 0 with partition epoch 0, high watermark 0, ISR [0], adding replicas [] and removing replicas [] . Previous leader None and previous leader epoch was -1. (state.change.logger)
[2023-12-13 11:41:30,594] INFO [Broker id=0] Leader __consumer_offsets-5 with topic id Some(x5DYZxzFR_yMt85evRbliQ) starts at leader epoch 0 from offset 0 with partition epoch 0, high watermark 0, ISR [0], adding replicas [] and removing replicas [] . Previous leader None and previous leader epoch was -1. (state.change.logger)
[2023-12-13 11:41:30,601] INFO [Broker id=0] Leader __consumer_offsets-20 with topic id Some(x5DYZxzFR_yMt85evRbliQ) starts at leader epoch 0 from offset 0 with partition epoch 0, high watermark 0, ISR [0], adding replicas [] and removing replicas [] . Previous leader None and previous leader epoch was -1. (state.change.logger)
[2023-12-13 11:41:30,611] INFO [Broker id=0] Leader __consumer_offsets-27 with topic id Some(x5DYZxzFR_yMt85evRbliQ) starts at leader epoch 0 from offset 0 with partition epoch 0, high watermark 0, ISR [0], adding replicas [] and removing replicas [] . Previous leader None and previous leader epoch was -1. (state.change.logger)
[2023-12-13 11:41:30,621] INFO [Broker id=0] Leader __consumer_offsets-42 with topic id Some(x5DYZxzFR_yMt85evRbliQ) starts at leader epoch 0 from offset 0 with partition epoch 0, high watermark 0, ISR [0], adding replicas [] and removing replicas [] . Previous leader None and previous leader epoch was -1. (state.change.logger)
[2023-12-13 11:41:30,627] INFO [Broker id=0] Leader __consumer_offsets-12 with topic id Some(x5DYZxzFR_yMt85evRbliQ) starts at leader epoch 0 from offset 0 with partition epoch 0, high watermark 0, ISR [0], adding replicas [] and removing replicas [] . Previous leader None and previous leader epoch was -1. (state.change.logger)
[2023-12-13 11:41:30,633] INFO [Broker id=0] Leader __consumer_offsets-21 with topic id Some(x5DYZxzFR_yMt85evRbliQ) starts at leader epoch 0 from offset 0 with partition epoch 0, high watermark 0, ISR [0], adding replicas [] and removing replicas [] . Previous leader None and previous leader epoch was -1. (state.change.logger)
[2023-12-13 11:41:30,638] INFO [Broker id=0] Leader __consumer_offsets-36 with topic id Some(x5DYZxzFR_yMt85evRbliQ) starts at leader epoch 0 from offset 0 with partition epoch 0, high watermark 0, ISR [0], adding replicas [] and removing replicas [] . Previous leader None and previous leader epoch was -1. (state.change.logger)
[2023-12-13 11:41:30,644] INFO [Broker id=0] Leader __consumer_offsets-6 with topic id Some(x5DYZxzFR_yMt85evRbliQ) starts at leader epoch 0 from offset 0 with partition epoch 0, high watermark 0, ISR [0], adding replicas [] and removing replicas [] . Previous leader None and previous leader epoch was -1. (state.change.logger)
[2023-12-13 11:41:30,650] INFO [Broker id=0] Leader __consumer_offsets-43 with topic id Some(x5DYZxzFR_yMt85evRbliQ) starts at leader epoch 0 from offset 0 with partition epoch 0, high watermark 0, ISR [0], adding replicas [] and removing replicas [] . Previous leader None and previous leader epoch was -1. (state.change.logger)
[2023-12-13 11:41:30,655] INFO [Broker id=0] Leader __consumer_offsets-13 with topic id Some(x5DYZxzFR_yMt85evRbliQ) starts at leader epoch 0 from offset 0 with partition epoch 0, high watermark 0, ISR [0], adding replicas [] and removing replicas [] . Previous leader None and previous leader epoch was -1. (state.change.logger)
[2023-12-13 11:41:30,661] INFO [Broker id=0] Leader __consumer_offsets-28 with topic id Some(x5DYZxzFR_yMt85evRbliQ) starts at leader epoch 0 from offset 0 with partition epoch 0, high watermark 0, ISR [0], adding replicas [] and removing replicas [] . Previous leader None and previous leader epoch was -1. (state.change.logger)
[2023-12-13 11:41:30,702] INFO [Broker id=0] Finished LeaderAndIsr request in 468ms correlationId 1 from controller 0 for 52 partitions (state.change.logger)
[2023-12-13 11:41:30,710] INFO [Broker id=0] Add 52 partitions and deleted 0 partitions from metadata cache in response to UpdateMetadata request sent by controller 0 epoch 23 with correlation id 2 (state.change.logger)
[2023-12-13 15:20:29,317] INFO [Controller id=0 epoch=24] Sending UpdateMetadata request to brokers HashSet(0) for 0 partitions (state.change.logger)
[2023-12-13 15:20:29,373] INFO [Controller id=0 epoch=24] Sending LeaderAndIsr request to broker 0 with 52 become-leader and 0 become-follower partitions (state.change.logger)
[2023-12-13 15:20:29,377] INFO [Controller id=0 epoch=24] Sending UpdateMetadata request to brokers HashSet(0) for 52 partitions (state.change.logger)
[2023-12-13 15:20:29,927] INFO [Broker id=0] Handling LeaderAndIsr request correlationId 1 from controller 0 for 52 partitions (state.change.logger)
[2023-12-13 15:20:29,969] INFO [Broker id=0] Stopped fetchers as part of LeaderAndIsr request correlationId 1 from controller 0 epoch 24 as part of the become-leader transition for 52 partitions (state.change.logger)
[2023-12-13 15:20:29,993] INFO [Broker id=0] Leader __consumer_offsets-3 with topic id Some(x5DYZxzFR_yMt85evRbliQ) starts at leader epoch 0 from offset 0 with partition epoch 0, high watermark 0, ISR [0], adding replicas [] and removing replicas [] . Previous leader None and previous leader epoch was -1. (state.change.logger)
[2023-12-13 15:20:30,004] INFO [Broker id=0] Leader quickstart-events-0 with topic id Some(6VYJypObRPqYYEiPMy_UDw) starts at leader epoch 0 from offset 2 with partition epoch 0, high watermark 2, ISR [0], adding replicas [] and removing replicas [] . Previous leader None and previous leader epoch was -1. (state.change.logger)
[2023-12-13 15:20:30,005] INFO [Broker id=0] Leader __consumer_offsets-18 with topic id Some(x5DYZxzFR_yMt85evRbliQ) starts at leader epoch 0 from offset 0 with partition epoch 0, high watermark 0, ISR [0], adding replicas [] and removing replicas [] . Previous leader None and previous leader epoch was -1. (state.change.logger)
[2023-12-13 15:20:30,011] INFO [Broker id=0] Leader __consumer_offsets-41 with topic id Some(x5DYZxzFR_yMt85evRbliQ) starts at leader epoch 0 from offset 0 with partition epoch 0, high watermark 0, ISR [0], adding replicas [] and removing replicas [] . Previous leader None and previous leader epoch was -1. (state.change.logger)
[2023-12-13 15:20:30,020] INFO [Broker id=0] Leader __consumer_offsets-10 with topic id Some(x5DYZxzFR_yMt85evRbliQ) starts at leader epoch 0 from offset 1 with partition epoch 0, high watermark 1, ISR [0], adding replicas [] and removing replicas [] . Previous leader None and previous leader epoch was -1. (state.change.logger)
[2023-12-13 15:20:30,020] INFO [Broker id=0] Leader __consumer_offsets-33 with topic id Some(x5DYZxzFR_yMt85evRbliQ) starts at leader epoch 0 from offset 0 with partition epoch 0, high watermark 0, ISR [0], adding replicas [] and removing replicas [] . Previous leader None and previous leader epoch was -1. (state.change.logger)
[2023-12-13 15:20:30,027] INFO [Broker id=0] Leader __consumer_offsets-48 with topic id Some(x5DYZxzFR_yMt85evRbliQ) starts at leader epoch 0 from offset 0 with partition epoch 0, high watermark 0, ISR [0], adding replicas [] and removing replicas [] . Previous leader None and previous leader epoch was -1. (state.change.logger)
[2023-12-13 15:20:30,037] INFO [Broker id=0] Leader __consumer_offsets-19 with topic id Some(x5DYZxzFR_yMt85evRbliQ) starts at leader epoch 0 from offset 0 with partition epoch 0, high watermark 0, ISR [0], adding replicas [] and removing replicas [] . Previous leader None and previous leader epoch was -1. (state.change.logger)
[2023-12-13 15:20:30,043] INFO [Broker id=0] Leader __consumer_offsets-34 with topic id Some(x5DYZxzFR_yMt85evRbliQ) starts at leader epoch 0 from offset 0 with partition epoch 0, high watermark 0, ISR [0], adding replicas [] and removing replicas [] . Previous leader None and previous leader epoch was -1. (state.change.logger)
[2023-12-13 15:20:30,052] INFO [Broker id=0] Leader __consumer_offsets-4 with topic id Some(x5DYZxzFR_yMt85evRbliQ) starts at leader epoch 0 from offset 0 with partition epoch 0, high watermark 0, ISR [0], adding replicas [] and removing replicas [] . Previous leader None and previous leader epoch was -1. (state.change.logger)
[2023-12-13 15:20:30,058] INFO [Broker id=0] Leader __consumer_offsets-11 with topic id Some(x5DYZxzFR_yMt85evRbliQ) starts at leader epoch 0 from offset 0 with partition epoch 0, high watermark 0, ISR [0], adding replicas [] and removing replicas [] . Previous leader None and previous leader epoch was -1. (state.change.logger)
[2023-12-13 15:20:30,063] INFO [Broker id=0] Leader __consumer_offsets-26 with topic id Some(x5DYZxzFR_yMt85evRbliQ) starts at leader epoch 0 from offset 0 with partition epoch 0, high watermark 0, ISR [0], adding replicas [] and removing replicas [] . Previous leader None and previous leader epoch was -1. (state.change.logger)
[2023-12-13 15:20:30,069] INFO [Broker id=0] Leader __consumer_offsets-49 with topic id Some(x5DYZxzFR_yMt85evRbliQ) starts at leader epoch 0 from offset 0 with partition epoch 0, high watermark 0, ISR [0], adding replicas [] and removing replicas [] . Previous leader None and previous leader epoch was -1. (state.change.logger)
[2023-12-13 15:20:30,075] INFO [Broker id=0] Leader hoony-kafka-test-0 with topic id Some(jiCCutthSRmMo4_NzwFxGw) starts at leader epoch 0 from offset 0 with partition epoch 0, high watermark 0, ISR [0], adding replicas [] and removing replicas [] . Previous leader None and previous leader epoch was -1. (state.change.logger)
[2023-12-13 15:20:30,081] INFO [Broker id=0] Leader __consumer_offsets-39 with topic id Some(x5DYZxzFR_yMt85evRbliQ) starts at leader epoch 0 from offset 0 with partition epoch 0, high watermark 0, ISR [0], adding replicas [] and removing replicas [] . Previous leader None and previous leader epoch was -1. (state.change.logger)
[2023-12-13 15:20:30,087] INFO [Broker id=0] Leader __consumer_offsets-9 with topic id Some(x5DYZxzFR_yMt85evRbliQ) starts at leader epoch 0 from offset 0 with partition epoch 0, high watermark 0, ISR [0], adding replicas [] and removing replicas [] . Previous leader None and previous leader epoch was -1. (state.change.logger)
[2023-12-13 15:20:30,097] INFO [Broker id=0] Leader __consumer_offsets-24 with topic id Some(x5DYZxzFR_yMt85evRbliQ) starts at leader epoch 0 from offset 0 with partition epoch 0, high watermark 0, ISR [0], adding replicas [] and removing replicas [] . Previous leader None and previous leader epoch was -1. (state.change.logger)
[2023-12-13 15:20:30,103] INFO [Broker id=0] Leader __consumer_offsets-31 with topic id Some(x5DYZxzFR_yMt85evRbliQ) starts at leader epoch 0 from offset 0 with partition epoch 0, high watermark 0, ISR [0], adding replicas [] and removing replicas [] . Previous leader None and previous leader epoch was -1. (state.change.logger)
[2023-12-13 15:20:30,113] INFO [Broker id=0] Leader __consumer_offsets-46 with topic id Some(x5DYZxzFR_yMt85evRbliQ) starts at leader epoch 0 from offset 0 with partition epoch 0, high watermark 0, ISR [0], adding replicas [] and removing replicas [] . Previous leader None and previous leader epoch was -1. (state.change.logger)
[2023-12-13 15:20:30,118] INFO [Broker id=0] Leader __consumer_offsets-1 with topic id Some(x5DYZxzFR_yMt85evRbliQ) starts at leader epoch 0 from offset 0 with partition epoch 0, high watermark 0, ISR [0], adding replicas [] and removing replicas [] . Previous leader None and previous leader epoch was -1. (state.change.logger)
[2023-12-13 15:20:30,124] INFO [Broker id=0] Leader __consumer_offsets-16 with topic id Some(x5DYZxzFR_yMt85evRbliQ) starts at leader epoch 0 from offset 0 with partition epoch 0, high watermark 0, ISR [0], adding replicas [] and removing replicas [] . Previous leader None and previous leader epoch was -1. (state.change.logger)
[2023-12-13 15:20:30,130] INFO [Broker id=0] Leader __consumer_offsets-2 with topic id Some(x5DYZxzFR_yMt85evRbliQ) starts at leader epoch 0 from offset 0 with partition epoch 0, high watermark 0, ISR [0], adding replicas [] and removing replicas [] . Previous leader None and previous leader epoch was -1. (state.change.logger)
[2023-12-13 15:20:30,136] INFO [Broker id=0] Leader __consumer_offsets-25 with topic id Some(x5DYZxzFR_yMt85evRbliQ) starts at leader epoch 0 from offset 0 with partition epoch 0, high watermark 0, ISR [0], adding replicas [] and removing replicas [] . Previous leader None and previous leader epoch was -1. (state.change.logger)
[2023-12-13 15:20:30,142] INFO [Broker id=0] Leader __consumer_offsets-40 with topic id Some(x5DYZxzFR_yMt85evRbliQ) starts at leader epoch 0 from offset 0 with partition epoch 0, high watermark 0, ISR [0], adding replicas [] and removing replicas [] . Previous leader None and previous leader epoch was -1. (state.change.logger)
[2023-12-13 15:20:30,148] INFO [Broker id=0] Leader __consumer_offsets-47 with topic id Some(x5DYZxzFR_yMt85evRbliQ) starts at leader epoch 0 from offset 0 with partition epoch 0, high watermark 0, ISR [0], adding replicas [] and removing replicas [] . Previous leader None and previous leader epoch was -1. (state.change.logger)
[2023-12-13 15:20:30,154] INFO [Broker id=0] Leader __consumer_offsets-17 with topic id Some(x5DYZxzFR_yMt85evRbliQ) starts at leader epoch 0 from offset 0 with partition epoch 0, high watermark 0, ISR [0], adding replicas [] and removing replicas [] . Previous leader None and previous leader epoch was -1. (state.change.logger)
[2023-12-13 15:20:30,163] INFO [Broker id=0] Leader __consumer_offsets-32 with topic id Some(x5DYZxzFR_yMt85evRbliQ) starts at leader epoch 0 from offset 0 with partition epoch 0, high watermark 0, ISR [0], adding replicas [] and removing replicas [] . Previous leader None and previous leader epoch was -1. (state.change.logger)
[2023-12-13 15:20:30,169] INFO [Broker id=0] Leader __consumer_offsets-37 with topic id Some(x5DYZxzFR_yMt85evRbliQ) starts at leader epoch 0 from offset 0 with partition epoch 0, high watermark 0, ISR [0], adding replicas [] and removing replicas [] . Previous leader None and previous leader epoch was -1. (state.change.logger)
[2023-12-13 15:20:30,175] INFO [Broker id=0] Leader __consumer_offsets-7 with topic id Some(x5DYZxzFR_yMt85evRbliQ) starts at leader epoch 0 from offset 0 with partition epoch 0, high watermark 0, ISR [0], adding replicas [] and removing replicas [] . Previous leader None and previous leader epoch was -1. (state.change.logger)
[2023-12-13 15:20:30,181] INFO [Broker id=0] Leader __consumer_offsets-22 with topic id Some(x5DYZxzFR_yMt85evRbliQ) starts at leader epoch 0 from offset 0 with partition epoch 0, high watermark 0, ISR [0], adding replicas [] and removing replicas [] . Previous leader None and previous leader epoch was -1. (state.change.logger)
[2023-12-13 15:20:30,187] INFO [Broker id=0] Leader __consumer_offsets-29 with topic id Some(x5DYZxzFR_yMt85evRbliQ) starts at leader epoch 0 from offset 0 with partition epoch 0, high watermark 0, ISR [0], adding replicas [] and removing replicas [] . Previous leader None and previous leader epoch was -1. (state.change.logger)
[2023-12-13 15:20:30,193] INFO [Broker id=0] Leader __consumer_offsets-44 with topic id Some(x5DYZxzFR_yMt85evRbliQ) starts at leader epoch 0 from offset 0 with partition epoch 0, high watermark 0, ISR [0], adding replicas [] and removing replicas [] . Previous leader None and previous leader epoch was -1. (state.change.logger)
[2023-12-13 15:20:30,200] INFO [Broker id=0] Leader __consumer_offsets-14 with topic id Some(x5DYZxzFR_yMt85evRbliQ) starts at leader epoch 0 from offset 0 with partition epoch 0, high watermark 0, ISR [0], adding replicas [] and removing replicas [] . Previous leader None and previous leader epoch was -1. (state.change.logger)
[2023-12-13 15:20:30,210] INFO [Broker id=0] Leader __consumer_offsets-23 with topic id Some(x5DYZxzFR_yMt85evRbliQ) starts at leader epoch 0 from offset 0 with partition epoch 0, high watermark 0, ISR [0], adding replicas [] and removing replicas [] . Previous leader None and previous leader epoch was -1. (state.change.logger)
[2023-12-13 15:20:30,216] INFO [Broker id=0] Leader __consumer_offsets-38 with topic id Some(x5DYZxzFR_yMt85evRbliQ) starts at leader epoch 0 from offset 0 with partition epoch 0, high watermark 0, ISR [0], adding replicas [] and removing replicas [] . Previous leader None and previous leader epoch was -1. (state.change.logger)
[2023-12-13 15:20:30,221] INFO [Broker id=0] Leader __consumer_offsets-8 with topic id Some(x5DYZxzFR_yMt85evRbliQ) starts at leader epoch 0 from offset 0 with partition epoch 0, high watermark 0, ISR [0], adding replicas [] and removing replicas [] . Previous leader None and previous leader epoch was -1. (state.change.logger)
[2023-12-13 15:20:30,230] INFO [Broker id=0] Leader __consumer_offsets-45 with topic id Some(x5DYZxzFR_yMt85evRbliQ) starts at leader epoch 0 from offset 0 with partition epoch 0, high watermark 0, ISR [0], adding replicas [] and removing replicas [] . Previous leader None and previous leader epoch was -1. (state.change.logger)
[2023-12-13 15:20:30,236] INFO [Broker id=0] Leader __consumer_offsets-15 with topic id Some(x5DYZxzFR_yMt85evRbliQ) starts at leader epoch 0 from offset 0 with partition epoch 0, high watermark 0, ISR [0], adding replicas [] and removing replicas [] . Previous leader None and previous leader epoch was -1. (state.change.logger)
[2023-12-13 15:20:30,240] INFO [Broker id=0] Leader __consumer_offsets-30 with topic id Some(x5DYZxzFR_yMt85evRbliQ) starts at leader epoch 0 from offset 0 with partition epoch 0, high watermark 0, ISR [0], adding replicas [] and removing replicas [] . Previous leader None and previous leader epoch was -1. (state.change.logger)
[2023-12-13 15:20:30,246] INFO [Broker id=0] Leader __consumer_offsets-0 with topic id Some(x5DYZxzFR_yMt85evRbliQ) starts at leader epoch 0 from offset 0 with partition epoch 0, high watermark 0, ISR [0], adding replicas [] and removing replicas [] . Previous leader None and previous leader epoch was -1. (state.change.logger)
[2023-12-13 15:20:30,253] INFO [Broker id=0] Leader __consumer_offsets-35 with topic id Some(x5DYZxzFR_yMt85evRbliQ) starts at leader epoch 0 from offset 0 with partition epoch 0, high watermark 0, ISR [0], adding replicas [] and removing replicas [] . Previous leader None and previous leader epoch was -1. (state.change.logger)
[2023-12-13 15:20:30,258] INFO [Broker id=0] Leader __consumer_offsets-5 with topic id Some(x5DYZxzFR_yMt85evRbliQ) starts at leader epoch 0 from offset 0 with partition epoch 0, high watermark 0, ISR [0], adding replicas [] and removing replicas [] . Previous leader None and previous leader epoch was -1. (state.change.logger)
[2023-12-13 15:20:30,268] INFO [Broker id=0] Leader __consumer_offsets-20 with topic id Some(x5DYZxzFR_yMt85evRbliQ) starts at leader epoch 0 from offset 0 with partition epoch 0, high watermark 0, ISR [0], adding replicas [] and removing replicas [] . Previous leader None and previous leader epoch was -1. (state.change.logger)
[2023-12-13 15:20:30,281] INFO [Broker id=0] Leader __consumer_offsets-27 with topic id Some(x5DYZxzFR_yMt85evRbliQ) starts at leader epoch 0 from offset 0 with partition epoch 0, high watermark 0, ISR [0], adding replicas [] and removing replicas [] . Previous leader None and previous leader epoch was -1. (state.change.logger)
[2023-12-13 15:20:30,288] INFO [Broker id=0] Leader __consumer_offsets-42 with topic id Some(x5DYZxzFR_yMt85evRbliQ) starts at leader epoch 0 from offset 0 with partition epoch 0, high watermark 0, ISR [0], adding replicas [] and removing replicas [] . Previous leader None and previous leader epoch was -1. (state.change.logger)
[2023-12-13 15:20:30,294] INFO [Broker id=0] Leader __consumer_offsets-12 with topic id Some(x5DYZxzFR_yMt85evRbliQ) starts at leader epoch 0 from offset 0 with partition epoch 0, high watermark 0, ISR [0], adding replicas [] and removing replicas [] . Previous leader None and previous leader epoch was -1. (state.change.logger)
[2023-12-13 15:20:30,300] INFO [Broker id=0] Leader __consumer_offsets-21 with topic id Some(x5DYZxzFR_yMt85evRbliQ) starts at leader epoch 0 from offset 0 with partition epoch 0, high watermark 0, ISR [0], adding replicas [] and removing replicas [] . Previous leader None and previous leader epoch was -1. (state.change.logger)
[2023-12-13 15:20:30,305] INFO [Broker id=0] Leader __consumer_offsets-36 with topic id Some(x5DYZxzFR_yMt85evRbliQ) starts at leader epoch 0 from offset 0 with partition epoch 0, high watermark 0, ISR [0], adding replicas [] and removing replicas [] . Previous leader None and previous leader epoch was -1. (state.change.logger)
[2023-12-13 15:20:30,312] INFO [Broker id=0] Leader __consumer_offsets-6 with topic id Some(x5DYZxzFR_yMt85evRbliQ) starts at leader epoch 0 from offset 0 with partition epoch 0, high watermark 0, ISR [0], adding replicas [] and removing replicas [] . Previous leader None and previous leader epoch was -1. (state.change.logger)
[2023-12-13 15:20:30,318] INFO [Broker id=0] Leader __consumer_offsets-43 with topic id Some(x5DYZxzFR_yMt85evRbliQ) starts at leader epoch 0 from offset 0 with partition epoch 0, high watermark 0, ISR [0], adding replicas [] and removing replicas [] . Previous leader None and previous leader epoch was -1. (state.change.logger)
[2023-12-13 15:20:30,324] INFO [Broker id=0] Leader __consumer_offsets-13 with topic id Some(x5DYZxzFR_yMt85evRbliQ) starts at leader epoch 0 from offset 0 with partition epoch 0, high watermark 0, ISR [0], adding replicas [] and removing replicas [] . Previous leader None and previous leader epoch was -1. (state.change.logger)
[2023-12-13 15:20:30,330] INFO [Broker id=0] Leader __consumer_offsets-28 with topic id Some(x5DYZxzFR_yMt85evRbliQ) starts at leader epoch 0 from offset 0 with partition epoch 0, high watermark 0, ISR [0], adding replicas [] and removing replicas [] . Previous leader None and previous leader epoch was -1. (state.change.logger)
[2023-12-13 15:20:30,406] INFO [Broker id=0] Finished LeaderAndIsr request in 480ms correlationId 1 from controller 0 for 52 partitions (state.change.logger)
[2023-12-13 15:20:30,419] INFO [Broker id=0] Add 52 partitions and deleted 0 partitions from metadata cache in response to UpdateMetadata request sent by controller 0 epoch 24 with correlation id 2 (state.change.logger)
