[2023-12-19 11:19:51,155] INFO [ControllerEventThread controllerId=0] Starting (kafka.controller.ControllerEventManager$ControllerEventThread)
[2023-12-19 11:19:51,193] INFO [Controller id=0] 0 successfully elected as the controller. Epoch incremented to 1 and epoch zk version is now 1 (kafka.controller.KafkaController)
[2023-12-19 11:19:51,198] INFO [Controller id=0] Creating FeatureZNode at path: /feature with contents: FeatureZNode(2,Enabled,Map()) (kafka.controller.KafkaController)
[2023-12-19 11:19:51,242] INFO [Controller id=0] Registering handlers (kafka.controller.KafkaController)
[2023-12-19 11:19:51,246] INFO [Controller id=0] Deleting log dir event notifications (kafka.controller.KafkaController)
[2023-12-19 11:19:51,250] INFO [Controller id=0] Deleting isr change notifications (kafka.controller.KafkaController)
[2023-12-19 11:19:51,252] INFO [Controller id=0] Initializing controller context (kafka.controller.KafkaController)
[2023-12-19 11:19:51,276] INFO [Controller id=0] Initialized broker epochs cache: Map(0 -> 25) (kafka.controller.KafkaController)
[2023-12-19 11:19:51,282] DEBUG [Controller id=0] Register BrokerModifications handler for Set(0) (kafka.controller.KafkaController)
[2023-12-19 11:19:51,288] DEBUG [Channel manager on controller 0]: Controller 0 trying to connect to broker 0 (kafka.controller.ControllerChannelManager)
[2023-12-19 11:19:51,301] INFO [RequestSendThread controllerId=0] Starting (kafka.controller.RequestSendThread)
[2023-12-19 11:19:51,301] INFO [Controller id=0] Currently active brokers in the cluster: Set(0) (kafka.controller.KafkaController)
[2023-12-19 11:19:51,302] INFO [Controller id=0] Currently shutting brokers in the cluster: Set() (kafka.controller.KafkaController)
[2023-12-19 11:19:51,302] INFO [Controller id=0] Current list of topics in the cluster: Set() (kafka.controller.KafkaController)
[2023-12-19 11:19:51,303] INFO [Controller id=0] Fetching topic deletions in progress (kafka.controller.KafkaController)
[2023-12-19 11:19:51,306] INFO [Controller id=0] List of topics to be deleted:  (kafka.controller.KafkaController)
[2023-12-19 11:19:51,306] INFO [Controller id=0] List of topics ineligible for deletion:  (kafka.controller.KafkaController)
[2023-12-19 11:19:51,306] INFO [Controller id=0] Initializing topic deletion manager (kafka.controller.KafkaController)
[2023-12-19 11:19:51,307] INFO [Topic Deletion Manager 0] Initializing manager with initial deletions: Set(), initial ineligible deletions: Set() (kafka.controller.TopicDeletionManager)
[2023-12-19 11:19:51,308] INFO [Controller id=0] Sending update metadata request (kafka.controller.KafkaController)
[2023-12-19 11:19:51,320] INFO [ReplicaStateMachine controllerId=0] Initializing replica state (kafka.controller.ZkReplicaStateMachine)
[2023-12-19 11:19:51,321] INFO [ReplicaStateMachine controllerId=0] Triggering online replica state changes (kafka.controller.ZkReplicaStateMachine)
[2023-12-19 11:19:51,328] INFO [ReplicaStateMachine controllerId=0] Triggering offline replica state changes (kafka.controller.ZkReplicaStateMachine)
[2023-12-19 11:19:51,329] DEBUG [ReplicaStateMachine controllerId=0] Started replica state machine with initial state -> Map() (kafka.controller.ZkReplicaStateMachine)
[2023-12-19 11:19:51,329] INFO [PartitionStateMachine controllerId=0] Initializing partition state (kafka.controller.ZkPartitionStateMachine)
[2023-12-19 11:19:51,330] INFO [PartitionStateMachine controllerId=0] Triggering online partition state changes (kafka.controller.ZkPartitionStateMachine)
[2023-12-19 11:19:51,333] INFO [RequestSendThread controllerId=0] Controller 0 connected to DESKTOP-2BQSN3N:9092 (id: 0 rack: null) for sending state change requests (kafka.controller.RequestSendThread)
[2023-12-19 11:19:51,338] DEBUG [PartitionStateMachine controllerId=0] Started partition state machine with initial state -> Map() (kafka.controller.ZkPartitionStateMachine)
[2023-12-19 11:19:51,339] INFO [Controller id=0] Ready to serve as the new controller with epoch 1 (kafka.controller.KafkaController)
[2023-12-19 11:19:51,347] INFO [Controller id=0] Partitions undergoing preferred replica election:  (kafka.controller.KafkaController)
[2023-12-19 11:19:51,348] INFO [Controller id=0] Partitions that completed preferred replica election:  (kafka.controller.KafkaController)
[2023-12-19 11:19:51,348] INFO [Controller id=0] Skipping preferred replica election for partitions due to topic deletion:  (kafka.controller.KafkaController)
[2023-12-19 11:19:51,349] INFO [Controller id=0] Resuming preferred replica election for partitions:  (kafka.controller.KafkaController)
[2023-12-19 11:19:51,352] INFO [Controller id=0] Starting replica leader election (PREFERRED) for partitions  triggered by ZkTriggered (kafka.controller.KafkaController)
[2023-12-19 11:19:51,382] INFO [Controller id=0] Starting the controller scheduler (kafka.controller.KafkaController)
[2023-12-19 11:19:56,394] INFO [Controller id=0] Processing automatic preferred replica leader election (kafka.controller.KafkaController)
[2023-12-19 11:19:56,395] TRACE [Controller id=0] Checking need to trigger auto leader balancing (kafka.controller.KafkaController)
[2023-12-19 11:20:56,558] DEBUG [Controller id=0] There is no producerId block yet (Zk path version 0), creating the first block (kafka.controller.KafkaController)
[2023-12-19 11:20:56,571] INFO [Controller id=0] Acquired new producerId block ProducerIdsBlock(assignedBrokerId=0, firstProducerId=0, size=1000) by writing to Zk with path version 1 (kafka.controller.KafkaController)
[2023-12-19 11:21:34,245] INFO [Controller id=0] New topics: [Set(quickstart-events)], deleted topics: [Set()], new partition replica assignment [Set(TopicIdReplicaAssignment(quickstart-events,Some(TqGlwuI6TDyutTI5I2KGAA),Map(quickstart-events-0 -> ReplicaAssignment(replicas=0, addingReplicas=, removingReplicas=))))] (kafka.controller.KafkaController)
[2023-12-19 11:21:34,247] INFO [Controller id=0] New partition creation callback for quickstart-events-0 (kafka.controller.KafkaController)
[2023-12-19 11:21:34,299] INFO [Controller id=0] New topics: [Set(__consumer_offsets)], deleted topics: [Set()], new partition replica assignment [Set(TopicIdReplicaAssignment(__consumer_offsets,Some(xtHumBxCSZqb-mTqz5dbeQ),Map(__consumer_offsets-22 -> ReplicaAssignment(replicas=0, addingReplicas=, removingReplicas=), __consumer_offsets-30 -> ReplicaAssignment(replicas=0, addingReplicas=, removingReplicas=), __consumer_offsets-8 -> ReplicaAssignment(replicas=0, addingReplicas=, removingReplicas=), __consumer_offsets-21 -> ReplicaAssignment(replicas=0, addingReplicas=, removingReplicas=), __consumer_offsets-4 -> ReplicaAssignment(replicas=0, addingReplicas=, removingReplicas=), __consumer_offsets-27 -> ReplicaAssignment(replicas=0, addingReplicas=, removingReplicas=), __consumer_offsets-7 -> ReplicaAssignment(replicas=0, addingReplicas=, removingReplicas=), __consumer_offsets-9 -> ReplicaAssignment(replicas=0, addingReplicas=, removingReplicas=), __consumer_offsets-46 -> ReplicaAssignment(replicas=0, addingReplicas=, removingReplicas=), __consumer_offsets-25 -> ReplicaAssignment(replicas=0, addingReplicas=, removingReplicas=), __consumer_offsets-35 -> ReplicaAssignment(replicas=0, addingReplicas=, removingReplicas=), __consumer_offsets-41 -> ReplicaAssignment(replicas=0, addingReplicas=, removingReplicas=), __consumer_offsets-33 -> ReplicaAssignment(replicas=0, addingReplicas=, removingReplicas=), __consumer_offsets-23 -> ReplicaAssignment(replicas=0, addingReplicas=, removingReplicas=), __consumer_offsets-49 -> ReplicaAssignment(replicas=0, addingReplicas=, removingReplicas=), __consumer_offsets-47 -> ReplicaAssignment(replicas=0, addingReplicas=, removingReplicas=), __consumer_offsets-16 -> ReplicaAssignment(replicas=0, addingReplicas=, removingReplicas=), __consumer_offsets-28 -> ReplicaAssignment(replicas=0, addingReplicas=, removingReplicas=), __consumer_offsets-31 -> ReplicaAssignment(replicas=0, addingReplicas=, removingReplicas=), __consumer_offsets-36 -> ReplicaAssignment(replicas=0, addingReplicas=, removingReplicas=), __consumer_offsets-42 -> ReplicaAssignment(replicas=0, addingReplicas=, removingReplicas=), __consumer_offsets-3 -> ReplicaAssignment(replicas=0, addingReplicas=, removingReplicas=), __consumer_offsets-18 -> ReplicaAssignment(replicas=0, addingReplicas=, removingReplicas=), __consumer_offsets-37 -> ReplicaAssignment(replicas=0, addingReplicas=, removingReplicas=), __consumer_offsets-15 -> ReplicaAssignment(replicas=0, addingReplicas=, removingReplicas=), __consumer_offsets-24 -> ReplicaAssignment(replicas=0, addingReplicas=, removingReplicas=), __consumer_offsets-38 -> ReplicaAssignment(replicas=0, addingReplicas=, removingReplicas=), __consumer_offsets-17 -> ReplicaAssignment(replicas=0, addingReplicas=, removingReplicas=), __consumer_offsets-48 -> ReplicaAssignment(replicas=0, addingReplicas=, removingReplicas=), __consumer_offsets-19 -> ReplicaAssignment(replicas=0, addingReplicas=, removingReplicas=), __consumer_offsets-11 -> ReplicaAssignment(replicas=0, addingReplicas=, removingReplicas=), __consumer_offsets-13 -> ReplicaAssignment(replicas=0, addingReplicas=, removingReplicas=), __consumer_offsets-2 -> ReplicaAssignment(replicas=0, addingReplicas=, removingReplicas=), __consumer_offsets-43 -> ReplicaAssignment(replicas=0, addingReplicas=, removingReplicas=), __consumer_offsets-6 -> ReplicaAssignment(replicas=0, addingReplicas=, removingReplicas=), __consumer_offsets-14 -> ReplicaAssignment(replicas=0, addingReplicas=, removingReplicas=), __consumer_offsets-20 -> ReplicaAssignment(replicas=0, addingReplicas=, removingReplicas=), __consumer_offsets-0 -> ReplicaAssignment(replicas=0, addingReplicas=, removingReplicas=), __consumer_offsets-44 -> ReplicaAssignment(replicas=0, addingReplicas=, removingReplicas=), __consumer_offsets-39 -> ReplicaAssignment(replicas=0, addingReplicas=, removingReplicas=), __consumer_offsets-12 -> ReplicaAssignment(replicas=0, addingReplicas=, removingReplicas=), __consumer_offsets-45 -> ReplicaAssignment(replicas=0, addingReplicas=, removingReplicas=), __consumer_offsets-1 -> ReplicaAssignment(replicas=0, addingReplicas=, removingReplicas=), __consumer_offsets-5 -> ReplicaAssignment(replicas=0, addingReplicas=, removingReplicas=), __consumer_offsets-26 -> ReplicaAssignment(replicas=0, addingReplicas=, removingReplicas=), __consumer_offsets-29 -> ReplicaAssignment(replicas=0, addingReplicas=, removingReplicas=), __consumer_offsets-34 -> ReplicaAssignment(replicas=0, addingReplicas=, removingReplicas=), __consumer_offsets-10 -> ReplicaAssignment(replicas=0, addingReplicas=, removingReplicas=), __consumer_offsets-32 -> ReplicaAssignment(replicas=0, addingReplicas=, removingReplicas=), __consumer_offsets-40 -> ReplicaAssignment(replicas=0, addingReplicas=, removingReplicas=))))] (kafka.controller.KafkaController)
[2023-12-19 11:21:34,300] INFO [Controller id=0] New partition creation callback for __consumer_offsets-22,__consumer_offsets-30,__consumer_offsets-8,__consumer_offsets-21,__consumer_offsets-4,__consumer_offsets-27,__consumer_offsets-7,__consumer_offsets-9,__consumer_offsets-46,__consumer_offsets-25,__consumer_offsets-35,__consumer_offsets-41,__consumer_offsets-33,__consumer_offsets-23,__consumer_offsets-49,__consumer_offsets-47,__consumer_offsets-16,__consumer_offsets-28,__consumer_offsets-31,__consumer_offsets-36,__consumer_offsets-42,__consumer_offsets-3,__consumer_offsets-18,__consumer_offsets-37,__consumer_offsets-15,__consumer_offsets-24,__consumer_offsets-38,__consumer_offsets-17,__consumer_offsets-48,__consumer_offsets-19,__consumer_offsets-11,__consumer_offsets-13,__consumer_offsets-2,__consumer_offsets-43,__consumer_offsets-6,__consumer_offsets-14,__consumer_offsets-20,__consumer_offsets-0,__consumer_offsets-44,__consumer_offsets-39,__consumer_offsets-12,__consumer_offsets-45,__consumer_offsets-1,__consumer_offsets-5,__consumer_offsets-26,__consumer_offsets-29,__consumer_offsets-34,__consumer_offsets-10,__consumer_offsets-32,__consumer_offsets-40 (kafka.controller.KafkaController)
[2023-12-19 11:24:56,406] INFO [Controller id=0] Processing automatic preferred replica leader election (kafka.controller.KafkaController)
[2023-12-19 11:24:56,406] TRACE [Controller id=0] Checking need to trigger auto leader balancing (kafka.controller.KafkaController)
[2023-12-19 11:24:56,410] DEBUG [Controller id=0] Topics not in preferred replica for broker 0 Map() (kafka.controller.KafkaController)
[2023-12-19 11:24:56,411] TRACE [Controller id=0] Leader imbalance ratio for broker 0 is 0.0 (kafka.controller.KafkaController)
[2023-12-19 11:27:44,492] INFO [Controller id=0] New topics: [Set(connect-offsets)], deleted topics: [Set()], new partition replica assignment [Set(TopicIdReplicaAssignment(connect-offsets,Some(Xe9pRxRiRcqHu5-vvsu09w),Map(connect-offsets-20 -> ReplicaAssignment(replicas=0, addingReplicas=, removingReplicas=), connect-offsets-7 -> ReplicaAssignment(replicas=0, addingReplicas=, removingReplicas=), connect-offsets-24 -> ReplicaAssignment(replicas=0, addingReplicas=, removingReplicas=), connect-offsets-16 -> ReplicaAssignment(replicas=0, addingReplicas=, removingReplicas=), connect-offsets-3 -> ReplicaAssignment(replicas=0, addingReplicas=, removingReplicas=), connect-offsets-21 -> ReplicaAssignment(replicas=0, addingReplicas=, removingReplicas=), connect-offsets-11 -> ReplicaAssignment(replicas=0, addingReplicas=, removingReplicas=), connect-offsets-6 -> ReplicaAssignment(replicas=0, addingReplicas=, removingReplicas=), connect-offsets-17 -> ReplicaAssignment(replicas=0, addingReplicas=, removingReplicas=), connect-offsets-10 -> ReplicaAssignment(replicas=0, addingReplicas=, removingReplicas=), connect-offsets-2 -> ReplicaAssignment(replicas=0, addingReplicas=, removingReplicas=), connect-offsets-18 -> ReplicaAssignment(replicas=0, addingReplicas=, removingReplicas=), connect-offsets-23 -> ReplicaAssignment(replicas=0, addingReplicas=, removingReplicas=), connect-offsets-15 -> ReplicaAssignment(replicas=0, addingReplicas=, removingReplicas=), connect-offsets-4 -> ReplicaAssignment(replicas=0, addingReplicas=, removingReplicas=), connect-offsets-12 -> ReplicaAssignment(replicas=0, addingReplicas=, removingReplicas=), connect-offsets-5 -> ReplicaAssignment(replicas=0, addingReplicas=, removingReplicas=), connect-offsets-13 -> ReplicaAssignment(replicas=0, addingReplicas=, removingReplicas=), connect-offsets-14 -> ReplicaAssignment(replicas=0, addingReplicas=, removingReplicas=), connect-offsets-0 -> ReplicaAssignment(replicas=0, addingReplicas=, removingReplicas=), connect-offsets-8 -> ReplicaAssignment(replicas=0, addingReplicas=, removingReplicas=), connect-offsets-9 -> ReplicaAssignment(replicas=0, addingReplicas=, removingReplicas=), connect-offsets-1 -> ReplicaAssignment(replicas=0, addingReplicas=, removingReplicas=), connect-offsets-19 -> ReplicaAssignment(replicas=0, addingReplicas=, removingReplicas=), connect-offsets-22 -> ReplicaAssignment(replicas=0, addingReplicas=, removingReplicas=))))] (kafka.controller.KafkaController)
[2023-12-19 11:27:44,492] INFO [Controller id=0] New partition creation callback for connect-offsets-20,connect-offsets-7,connect-offsets-24,connect-offsets-16,connect-offsets-3,connect-offsets-21,connect-offsets-11,connect-offsets-6,connect-offsets-17,connect-offsets-10,connect-offsets-2,connect-offsets-18,connect-offsets-23,connect-offsets-15,connect-offsets-4,connect-offsets-12,connect-offsets-5,connect-offsets-13,connect-offsets-14,connect-offsets-0,connect-offsets-8,connect-offsets-9,connect-offsets-1,connect-offsets-19,connect-offsets-22 (kafka.controller.KafkaController)
[2023-12-19 11:27:45,207] INFO [Controller id=0] New topics: [Set(connect-status)], deleted topics: [Set()], new partition replica assignment [Set(TopicIdReplicaAssignment(connect-status,Some(WjqA_sQsS66-iSEeg5Y1Cg),Map(connect-status-4 -> ReplicaAssignment(replicas=0, addingReplicas=, removingReplicas=), connect-status-3 -> ReplicaAssignment(replicas=0, addingReplicas=, removingReplicas=), connect-status-2 -> ReplicaAssignment(replicas=0, addingReplicas=, removingReplicas=), connect-status-0 -> ReplicaAssignment(replicas=0, addingReplicas=, removingReplicas=), connect-status-1 -> ReplicaAssignment(replicas=0, addingReplicas=, removingReplicas=))))] (kafka.controller.KafkaController)
[2023-12-19 11:27:45,207] INFO [Controller id=0] New partition creation callback for connect-status-4,connect-status-3,connect-status-2,connect-status-0,connect-status-1 (kafka.controller.KafkaController)
[2023-12-19 11:27:45,374] INFO [Controller id=0] New topics: [Set(connect-configs)], deleted topics: [Set()], new partition replica assignment [Set(TopicIdReplicaAssignment(connect-configs,Some(Zusx2ETgTlKbHssRN_D4Uw),Map(connect-configs-0 -> ReplicaAssignment(replicas=0, addingReplicas=, removingReplicas=))))] (kafka.controller.KafkaController)
[2023-12-19 11:27:45,374] INFO [Controller id=0] New partition creation callback for connect-configs-0 (kafka.controller.KafkaController)
[2023-12-19 11:29:56,415] INFO [Controller id=0] Processing automatic preferred replica leader election (kafka.controller.KafkaController)
[2023-12-19 11:29:56,415] TRACE [Controller id=0] Checking need to trigger auto leader balancing (kafka.controller.KafkaController)
[2023-12-19 11:29:56,416] DEBUG [Controller id=0] Topics not in preferred replica for broker 0 Map() (kafka.controller.KafkaController)
[2023-12-19 11:29:56,416] TRACE [Controller id=0] Leader imbalance ratio for broker 0 is 0.0 (kafka.controller.KafkaController)
[2023-12-19 11:34:56,426] INFO [Controller id=0] Processing automatic preferred replica leader election (kafka.controller.KafkaController)
[2023-12-19 11:34:56,426] TRACE [Controller id=0] Checking need to trigger auto leader balancing (kafka.controller.KafkaController)
[2023-12-19 11:34:56,427] DEBUG [Controller id=0] Topics not in preferred replica for broker 0 Map() (kafka.controller.KafkaController)
[2023-12-19 11:34:56,427] TRACE [Controller id=0] Leader imbalance ratio for broker 0 is 0.0 (kafka.controller.KafkaController)
[2023-12-19 11:39:56,435] INFO [Controller id=0] Processing automatic preferred replica leader election (kafka.controller.KafkaController)
[2023-12-19 11:39:56,435] TRACE [Controller id=0] Checking need to trigger auto leader balancing (kafka.controller.KafkaController)
[2023-12-19 11:39:56,436] DEBUG [Controller id=0] Topics not in preferred replica for broker 0 Map() (kafka.controller.KafkaController)
[2023-12-19 11:39:56,436] TRACE [Controller id=0] Leader imbalance ratio for broker 0 is 0.0 (kafka.controller.KafkaController)
[2023-12-19 11:44:56,447] INFO [Controller id=0] Processing automatic preferred replica leader election (kafka.controller.KafkaController)
[2023-12-19 11:44:56,447] TRACE [Controller id=0] Checking need to trigger auto leader balancing (kafka.controller.KafkaController)
[2023-12-19 11:44:56,448] DEBUG [Controller id=0] Topics not in preferred replica for broker 0 Map() (kafka.controller.KafkaController)
[2023-12-19 11:44:56,448] TRACE [Controller id=0] Leader imbalance ratio for broker 0 is 0.0 (kafka.controller.KafkaController)
[2023-12-19 11:49:56,451] INFO [Controller id=0] Processing automatic preferred replica leader election (kafka.controller.KafkaController)
[2023-12-19 11:49:56,451] TRACE [Controller id=0] Checking need to trigger auto leader balancing (kafka.controller.KafkaController)
[2023-12-19 11:49:56,452] DEBUG [Controller id=0] Topics not in preferred replica for broker 0 Map() (kafka.controller.KafkaController)
[2023-12-19 11:49:56,452] TRACE [Controller id=0] Leader imbalance ratio for broker 0 is 0.0 (kafka.controller.KafkaController)
[2023-12-19 11:54:56,467] INFO [Controller id=0] Processing automatic preferred replica leader election (kafka.controller.KafkaController)
[2023-12-19 11:54:56,467] TRACE [Controller id=0] Checking need to trigger auto leader balancing (kafka.controller.KafkaController)
[2023-12-19 11:54:56,468] DEBUG [Controller id=0] Topics not in preferred replica for broker 0 Map() (kafka.controller.KafkaController)
[2023-12-19 11:54:56,468] TRACE [Controller id=0] Leader imbalance ratio for broker 0 is 0.0 (kafka.controller.KafkaController)
[2023-12-19 11:59:56,472] INFO [Controller id=0] Processing automatic preferred replica leader election (kafka.controller.KafkaController)
[2023-12-19 11:59:56,472] TRACE [Controller id=0] Checking need to trigger auto leader balancing (kafka.controller.KafkaController)
[2023-12-19 11:59:56,473] DEBUG [Controller id=0] Topics not in preferred replica for broker 0 Map() (kafka.controller.KafkaController)
[2023-12-19 11:59:56,473] TRACE [Controller id=0] Leader imbalance ratio for broker 0 is 0.0 (kafka.controller.KafkaController)
[2023-12-19 12:04:56,487] INFO [Controller id=0] Processing automatic preferred replica leader election (kafka.controller.KafkaController)
[2023-12-19 12:04:56,488] TRACE [Controller id=0] Checking need to trigger auto leader balancing (kafka.controller.KafkaController)
[2023-12-19 12:04:56,489] DEBUG [Controller id=0] Topics not in preferred replica for broker 0 Map() (kafka.controller.KafkaController)
[2023-12-19 12:04:56,489] TRACE [Controller id=0] Leader imbalance ratio for broker 0 is 0.0 (kafka.controller.KafkaController)
[2023-12-19 12:09:56,495] INFO [Controller id=0] Processing automatic preferred replica leader election (kafka.controller.KafkaController)
[2023-12-19 12:09:56,495] TRACE [Controller id=0] Checking need to trigger auto leader balancing (kafka.controller.KafkaController)
[2023-12-19 12:09:56,495] DEBUG [Controller id=0] Topics not in preferred replica for broker 0 Map() (kafka.controller.KafkaController)
[2023-12-19 12:09:56,495] TRACE [Controller id=0] Leader imbalance ratio for broker 0 is 0.0 (kafka.controller.KafkaController)
[2023-12-19 12:14:56,497] INFO [Controller id=0] Processing automatic preferred replica leader election (kafka.controller.KafkaController)
[2023-12-19 12:14:56,497] TRACE [Controller id=0] Checking need to trigger auto leader balancing (kafka.controller.KafkaController)
[2023-12-19 12:14:56,497] DEBUG [Controller id=0] Topics not in preferred replica for broker 0 Map() (kafka.controller.KafkaController)
[2023-12-19 12:14:56,497] TRACE [Controller id=0] Leader imbalance ratio for broker 0 is 0.0 (kafka.controller.KafkaController)
[2023-12-19 12:19:56,508] INFO [Controller id=0] Processing automatic preferred replica leader election (kafka.controller.KafkaController)
[2023-12-19 12:19:56,508] TRACE [Controller id=0] Checking need to trigger auto leader balancing (kafka.controller.KafkaController)
[2023-12-19 12:19:56,509] DEBUG [Controller id=0] Topics not in preferred replica for broker 0 Map() (kafka.controller.KafkaController)
[2023-12-19 12:19:56,509] TRACE [Controller id=0] Leader imbalance ratio for broker 0 is 0.0 (kafka.controller.KafkaController)
[2023-12-19 12:24:56,511] INFO [Controller id=0] Processing automatic preferred replica leader election (kafka.controller.KafkaController)
[2023-12-19 12:24:56,511] TRACE [Controller id=0] Checking need to trigger auto leader balancing (kafka.controller.KafkaController)
[2023-12-19 12:24:56,511] DEBUG [Controller id=0] Topics not in preferred replica for broker 0 Map() (kafka.controller.KafkaController)
[2023-12-19 12:24:56,511] TRACE [Controller id=0] Leader imbalance ratio for broker 0 is 0.0 (kafka.controller.KafkaController)
[2023-12-19 12:29:56,525] INFO [Controller id=0] Processing automatic preferred replica leader election (kafka.controller.KafkaController)
[2023-12-19 12:29:56,525] TRACE [Controller id=0] Checking need to trigger auto leader balancing (kafka.controller.KafkaController)
[2023-12-19 12:29:56,525] DEBUG [Controller id=0] Topics not in preferred replica for broker 0 Map() (kafka.controller.KafkaController)
[2023-12-19 12:29:56,525] TRACE [Controller id=0] Leader imbalance ratio for broker 0 is 0.0 (kafka.controller.KafkaController)
[2023-12-19 12:34:56,533] INFO [Controller id=0] Processing automatic preferred replica leader election (kafka.controller.KafkaController)
[2023-12-19 12:34:56,533] TRACE [Controller id=0] Checking need to trigger auto leader balancing (kafka.controller.KafkaController)
[2023-12-19 12:34:56,533] DEBUG [Controller id=0] Topics not in preferred replica for broker 0 Map() (kafka.controller.KafkaController)
[2023-12-19 12:34:56,533] TRACE [Controller id=0] Leader imbalance ratio for broker 0 is 0.0 (kafka.controller.KafkaController)
[2023-12-19 12:39:56,535] INFO [Controller id=0] Processing automatic preferred replica leader election (kafka.controller.KafkaController)
[2023-12-19 12:39:56,535] TRACE [Controller id=0] Checking need to trigger auto leader balancing (kafka.controller.KafkaController)
[2023-12-19 12:39:56,535] DEBUG [Controller id=0] Topics not in preferred replica for broker 0 Map() (kafka.controller.KafkaController)
[2023-12-19 12:39:56,535] TRACE [Controller id=0] Leader imbalance ratio for broker 0 is 0.0 (kafka.controller.KafkaController)
[2023-12-19 12:44:56,542] INFO [Controller id=0] Processing automatic preferred replica leader election (kafka.controller.KafkaController)
[2023-12-19 12:44:56,542] TRACE [Controller id=0] Checking need to trigger auto leader balancing (kafka.controller.KafkaController)
[2023-12-19 12:44:56,542] DEBUG [Controller id=0] Topics not in preferred replica for broker 0 Map() (kafka.controller.KafkaController)
[2023-12-19 12:44:56,542] TRACE [Controller id=0] Leader imbalance ratio for broker 0 is 0.0 (kafka.controller.KafkaController)
[2023-12-19 12:49:56,544] INFO [Controller id=0] Processing automatic preferred replica leader election (kafka.controller.KafkaController)
[2023-12-19 12:49:56,544] TRACE [Controller id=0] Checking need to trigger auto leader balancing (kafka.controller.KafkaController)
[2023-12-19 12:49:56,544] DEBUG [Controller id=0] Topics not in preferred replica for broker 0 Map() (kafka.controller.KafkaController)
[2023-12-19 12:49:56,544] TRACE [Controller id=0] Leader imbalance ratio for broker 0 is 0.0 (kafka.controller.KafkaController)
[2023-12-19 12:54:56,558] INFO [Controller id=0] Processing automatic preferred replica leader election (kafka.controller.KafkaController)
[2023-12-19 12:54:56,558] TRACE [Controller id=0] Checking need to trigger auto leader balancing (kafka.controller.KafkaController)
[2023-12-19 12:54:56,558] DEBUG [Controller id=0] Topics not in preferred replica for broker 0 Map() (kafka.controller.KafkaController)
[2023-12-19 12:54:56,558] TRACE [Controller id=0] Leader imbalance ratio for broker 0 is 0.0 (kafka.controller.KafkaController)
[2023-12-19 12:59:56,565] INFO [Controller id=0] Processing automatic preferred replica leader election (kafka.controller.KafkaController)
[2023-12-19 12:59:56,565] TRACE [Controller id=0] Checking need to trigger auto leader balancing (kafka.controller.KafkaController)
[2023-12-19 12:59:56,566] DEBUG [Controller id=0] Topics not in preferred replica for broker 0 Map() (kafka.controller.KafkaController)
[2023-12-19 12:59:56,566] TRACE [Controller id=0] Leader imbalance ratio for broker 0 is 0.0 (kafka.controller.KafkaController)
[2023-12-19 13:04:56,580] INFO [Controller id=0] Processing automatic preferred replica leader election (kafka.controller.KafkaController)
[2023-12-19 13:04:56,581] TRACE [Controller id=0] Checking need to trigger auto leader balancing (kafka.controller.KafkaController)
[2023-12-19 13:04:56,581] DEBUG [Controller id=0] Topics not in preferred replica for broker 0 Map() (kafka.controller.KafkaController)
[2023-12-19 13:04:56,581] TRACE [Controller id=0] Leader imbalance ratio for broker 0 is 0.0 (kafka.controller.KafkaController)
[2023-12-19 13:06:53,622] INFO [Controller id=0] New topics: [Set(my_topic_users)], deleted topics: [Set()], new partition replica assignment [Set(TopicIdReplicaAssignment(my_topic_users,Some(OH4qDoPCTF-XLTpMHmP4_A),Map(my_topic_users-0 -> ReplicaAssignment(replicas=0, addingReplicas=, removingReplicas=))))] (kafka.controller.KafkaController)
[2023-12-19 13:06:53,622] INFO [Controller id=0] New partition creation callback for my_topic_users-0 (kafka.controller.KafkaController)
[2023-12-19 13:06:53,635] INFO [RequestSendThread controllerId=0] Controller 0 connected to DESKTOP-2BQSN3N:9092 (id: 0 rack: null) for sending state change requests (kafka.controller.RequestSendThread)
[2023-12-19 13:09:56,583] INFO [Controller id=0] Processing automatic preferred replica leader election (kafka.controller.KafkaController)
[2023-12-19 13:09:56,583] TRACE [Controller id=0] Checking need to trigger auto leader balancing (kafka.controller.KafkaController)
[2023-12-19 13:09:56,584] DEBUG [Controller id=0] Topics not in preferred replica for broker 0 Map() (kafka.controller.KafkaController)
[2023-12-19 13:09:56,584] TRACE [Controller id=0] Leader imbalance ratio for broker 0 is 0.0 (kafka.controller.KafkaController)
[2023-12-19 13:14:56,592] INFO [Controller id=0] Processing automatic preferred replica leader election (kafka.controller.KafkaController)
[2023-12-19 13:14:56,592] TRACE [Controller id=0] Checking need to trigger auto leader balancing (kafka.controller.KafkaController)
[2023-12-19 13:14:56,593] DEBUG [Controller id=0] Topics not in preferred replica for broker 0 Map() (kafka.controller.KafkaController)
[2023-12-19 13:14:56,593] TRACE [Controller id=0] Leader imbalance ratio for broker 0 is 0.0 (kafka.controller.KafkaController)
[2023-12-19 13:19:56,597] INFO [Controller id=0] Processing automatic preferred replica leader election (kafka.controller.KafkaController)
[2023-12-19 13:19:56,597] TRACE [Controller id=0] Checking need to trigger auto leader balancing (kafka.controller.KafkaController)
[2023-12-19 13:19:56,598] DEBUG [Controller id=0] Topics not in preferred replica for broker 0 Map() (kafka.controller.KafkaController)
[2023-12-19 13:19:56,598] TRACE [Controller id=0] Leader imbalance ratio for broker 0 is 0.0 (kafka.controller.KafkaController)
[2023-12-19 13:24:56,613] INFO [Controller id=0] Processing automatic preferred replica leader election (kafka.controller.KafkaController)
[2023-12-19 13:24:56,613] TRACE [Controller id=0] Checking need to trigger auto leader balancing (kafka.controller.KafkaController)
[2023-12-19 13:24:56,614] DEBUG [Controller id=0] Topics not in preferred replica for broker 0 Map() (kafka.controller.KafkaController)
[2023-12-19 13:24:56,614] TRACE [Controller id=0] Leader imbalance ratio for broker 0 is 0.0 (kafka.controller.KafkaController)
[2023-12-19 13:29:56,621] INFO [Controller id=0] Processing automatic preferred replica leader election (kafka.controller.KafkaController)
[2023-12-19 13:29:56,621] TRACE [Controller id=0] Checking need to trigger auto leader balancing (kafka.controller.KafkaController)
[2023-12-19 13:29:56,621] DEBUG [Controller id=0] Topics not in preferred replica for broker 0 Map() (kafka.controller.KafkaController)
[2023-12-19 13:29:56,622] TRACE [Controller id=0] Leader imbalance ratio for broker 0 is 0.0 (kafka.controller.KafkaController)
[2023-12-19 13:34:56,633] INFO [Controller id=0] Processing automatic preferred replica leader election (kafka.controller.KafkaController)
[2023-12-19 13:34:56,633] TRACE [Controller id=0] Checking need to trigger auto leader balancing (kafka.controller.KafkaController)
[2023-12-19 13:34:56,634] DEBUG [Controller id=0] Topics not in preferred replica for broker 0 Map() (kafka.controller.KafkaController)
[2023-12-19 13:34:56,634] TRACE [Controller id=0] Leader imbalance ratio for broker 0 is 0.0 (kafka.controller.KafkaController)
[2023-12-19 13:39:56,641] INFO [Controller id=0] Processing automatic preferred replica leader election (kafka.controller.KafkaController)
[2023-12-19 13:39:56,641] TRACE [Controller id=0] Checking need to trigger auto leader balancing (kafka.controller.KafkaController)
[2023-12-19 13:39:56,641] DEBUG [Controller id=0] Topics not in preferred replica for broker 0 Map() (kafka.controller.KafkaController)
[2023-12-19 13:39:56,641] TRACE [Controller id=0] Leader imbalance ratio for broker 0 is 0.0 (kafka.controller.KafkaController)
[2023-12-19 13:44:56,656] INFO [Controller id=0] Processing automatic preferred replica leader election (kafka.controller.KafkaController)
[2023-12-19 13:44:56,656] TRACE [Controller id=0] Checking need to trigger auto leader balancing (kafka.controller.KafkaController)
[2023-12-19 13:44:56,656] DEBUG [Controller id=0] Topics not in preferred replica for broker 0 Map() (kafka.controller.KafkaController)
[2023-12-19 13:44:56,657] TRACE [Controller id=0] Leader imbalance ratio for broker 0 is 0.0 (kafka.controller.KafkaController)
[2023-12-19 13:49:56,668] INFO [Controller id=0] Processing automatic preferred replica leader election (kafka.controller.KafkaController)
[2023-12-19 13:49:56,668] TRACE [Controller id=0] Checking need to trigger auto leader balancing (kafka.controller.KafkaController)
[2023-12-19 13:49:56,669] DEBUG [Controller id=0] Topics not in preferred replica for broker 0 Map() (kafka.controller.KafkaController)
[2023-12-19 13:49:56,669] TRACE [Controller id=0] Leader imbalance ratio for broker 0 is 0.0 (kafka.controller.KafkaController)
[2023-12-19 13:54:56,672] INFO [Controller id=0] Processing automatic preferred replica leader election (kafka.controller.KafkaController)
[2023-12-19 13:54:56,672] TRACE [Controller id=0] Checking need to trigger auto leader balancing (kafka.controller.KafkaController)
[2023-12-19 13:54:56,672] DEBUG [Controller id=0] Topics not in preferred replica for broker 0 Map() (kafka.controller.KafkaController)
[2023-12-19 13:54:56,672] TRACE [Controller id=0] Leader imbalance ratio for broker 0 is 0.0 (kafka.controller.KafkaController)
[2023-12-19 13:59:56,687] INFO [Controller id=0] Processing automatic preferred replica leader election (kafka.controller.KafkaController)
[2023-12-19 13:59:56,687] TRACE [Controller id=0] Checking need to trigger auto leader balancing (kafka.controller.KafkaController)
[2023-12-19 13:59:56,687] DEBUG [Controller id=0] Topics not in preferred replica for broker 0 Map() (kafka.controller.KafkaController)
[2023-12-19 13:59:56,688] TRACE [Controller id=0] Leader imbalance ratio for broker 0 is 0.0 (kafka.controller.KafkaController)
[2023-12-19 14:04:56,699] INFO [Controller id=0] Processing automatic preferred replica leader election (kafka.controller.KafkaController)
[2023-12-19 14:04:56,700] TRACE [Controller id=0] Checking need to trigger auto leader balancing (kafka.controller.KafkaController)
[2023-12-19 14:04:56,701] DEBUG [Controller id=0] Topics not in preferred replica for broker 0 Map() (kafka.controller.KafkaController)
[2023-12-19 14:04:56,701] TRACE [Controller id=0] Leader imbalance ratio for broker 0 is 0.0 (kafka.controller.KafkaController)
[2023-12-19 14:09:56,706] INFO [Controller id=0] Processing automatic preferred replica leader election (kafka.controller.KafkaController)
[2023-12-19 14:09:56,706] TRACE [Controller id=0] Checking need to trigger auto leader balancing (kafka.controller.KafkaController)
[2023-12-19 14:09:56,706] DEBUG [Controller id=0] Topics not in preferred replica for broker 0 Map() (kafka.controller.KafkaController)
[2023-12-19 14:09:56,707] TRACE [Controller id=0] Leader imbalance ratio for broker 0 is 0.0 (kafka.controller.KafkaController)
[2023-12-19 14:14:56,711] INFO [Controller id=0] Processing automatic preferred replica leader election (kafka.controller.KafkaController)
[2023-12-19 14:14:56,711] TRACE [Controller id=0] Checking need to trigger auto leader balancing (kafka.controller.KafkaController)
[2023-12-19 14:14:56,712] DEBUG [Controller id=0] Topics not in preferred replica for broker 0 Map() (kafka.controller.KafkaController)
[2023-12-19 14:14:56,712] TRACE [Controller id=0] Leader imbalance ratio for broker 0 is 0.0 (kafka.controller.KafkaController)
[2023-12-19 14:19:56,725] INFO [Controller id=0] Processing automatic preferred replica leader election (kafka.controller.KafkaController)
[2023-12-19 14:19:56,725] TRACE [Controller id=0] Checking need to trigger auto leader balancing (kafka.controller.KafkaController)
[2023-12-19 14:19:56,725] DEBUG [Controller id=0] Topics not in preferred replica for broker 0 Map() (kafka.controller.KafkaController)
[2023-12-19 14:19:56,725] TRACE [Controller id=0] Leader imbalance ratio for broker 0 is 0.0 (kafka.controller.KafkaController)
[2023-12-19 14:24:56,733] INFO [Controller id=0] Processing automatic preferred replica leader election (kafka.controller.KafkaController)
[2023-12-19 14:24:56,733] TRACE [Controller id=0] Checking need to trigger auto leader balancing (kafka.controller.KafkaController)
[2023-12-19 14:24:56,734] DEBUG [Controller id=0] Topics not in preferred replica for broker 0 Map() (kafka.controller.KafkaController)
[2023-12-19 14:24:56,734] TRACE [Controller id=0] Leader imbalance ratio for broker 0 is 0.0 (kafka.controller.KafkaController)
[2023-12-19 14:29:56,748] INFO [Controller id=0] Processing automatic preferred replica leader election (kafka.controller.KafkaController)
[2023-12-19 14:29:56,748] TRACE [Controller id=0] Checking need to trigger auto leader balancing (kafka.controller.KafkaController)
[2023-12-19 14:29:56,749] DEBUG [Controller id=0] Topics not in preferred replica for broker 0 Map() (kafka.controller.KafkaController)
[2023-12-19 14:29:56,749] TRACE [Controller id=0] Leader imbalance ratio for broker 0 is 0.0 (kafka.controller.KafkaController)
[2023-12-19 14:34:56,756] INFO [Controller id=0] Processing automatic preferred replica leader election (kafka.controller.KafkaController)
[2023-12-19 14:34:56,756] TRACE [Controller id=0] Checking need to trigger auto leader balancing (kafka.controller.KafkaController)
[2023-12-19 14:34:56,757] DEBUG [Controller id=0] Topics not in preferred replica for broker 0 Map() (kafka.controller.KafkaController)
[2023-12-19 14:34:56,757] TRACE [Controller id=0] Leader imbalance ratio for broker 0 is 0.0 (kafka.controller.KafkaController)
[2023-12-19 14:36:26,931] INFO [Controller id=0] Shutting down broker 0 (kafka.controller.KafkaController)
[2023-12-19 14:36:26,932] DEBUG [Controller id=0] All shutting down brokers: 0 (kafka.controller.KafkaController)
[2023-12-19 14:36:26,932] DEBUG [Controller id=0] Live brokers:  (kafka.controller.KafkaController)
[2023-12-19 14:36:26,939] TRACE [Controller id=0] All leaders = __consumer_offsets-49 -> (Leader:0,ISR:0,LeaderRecoveryState:RECOVERED,LeaderEpoch:0,ZkVersion:0,ControllerEpoch:1),connect-offsets-10 -> (Leader:0,ISR:0,LeaderRecoveryState:RECOVERED,LeaderEpoch:0,ZkVersion:0,ControllerEpoch:1),__consumer_offsets-38 -> (Leader:0,ISR:0,LeaderRecoveryState:RECOVERED,LeaderEpoch:0,ZkVersion:0,ControllerEpoch:1),__consumer_offsets-16 -> (Leader:0,ISR:0,LeaderRecoveryState:RECOVERED,LeaderEpoch:0,ZkVersion:0,ControllerEpoch:1),__consumer_offsets-27 -> (Leader:0,ISR:0,LeaderRecoveryState:RECOVERED,LeaderEpoch:0,ZkVersion:0,ControllerEpoch:1),__consumer_offsets-8 -> (Leader:0,ISR:0,LeaderRecoveryState:RECOVERED,LeaderEpoch:0,ZkVersion:0,ControllerEpoch:1),__consumer_offsets-19 -> (Leader:0,ISR:0,LeaderRecoveryState:RECOVERED,LeaderEpoch:0,ZkVersion:0,ControllerEpoch:1),connect-offsets-4 -> (Leader:0,ISR:0,LeaderRecoveryState:RECOVERED,LeaderEpoch:0,ZkVersion:0,ControllerEpoch:1),quickstart-events-0 -> (Leader:0,ISR:0,LeaderRecoveryState:RECOVERED,LeaderEpoch:0,ZkVersion:0,ControllerEpoch:1),connect-offsets-15 -> (Leader:0,ISR:0,LeaderRecoveryState:RECOVERED,LeaderEpoch:0,ZkVersion:0,ControllerEpoch:1),connect-status-2 -> (Leader:0,ISR:0,LeaderRecoveryState:RECOVERED,LeaderEpoch:0,ZkVersion:0,ControllerEpoch:1),__consumer_offsets-13 -> (Leader:0,ISR:0,LeaderRecoveryState:RECOVERED,LeaderEpoch:0,ZkVersion:0,ControllerEpoch:1),__consumer_offsets-2 -> (Leader:0,ISR:0,LeaderRecoveryState:RECOVERED,LeaderEpoch:0,ZkVersion:0,ControllerEpoch:1),__consumer_offsets-46 -> (Leader:0,ISR:0,LeaderRecoveryState:RECOVERED,LeaderEpoch:0,ZkVersion:0,ControllerEpoch:1),__consumer_offsets-35 -> (Leader:0,ISR:0,LeaderRecoveryState:RECOVERED,LeaderEpoch:0,ZkVersion:0,ControllerEpoch:1),__consumer_offsets-24 -> (Leader:0,ISR:0,LeaderRecoveryState:RECOVERED,LeaderEpoch:0,ZkVersion:0,ControllerEpoch:1),connect-offsets-1 -> (Leader:0,ISR:0,LeaderRecoveryState:RECOVERED,LeaderEpoch:0,ZkVersion:0,ControllerEpoch:1),connect-offsets-12 -> (Leader:0,ISR:0,LeaderRecoveryState:RECOVERED,LeaderEpoch:0,ZkVersion:0,ControllerEpoch:1),__consumer_offsets-5 -> (Leader:0,ISR:0,LeaderRecoveryState:RECOVERED,LeaderEpoch:0,ZkVersion:0,ControllerEpoch:1),my_topic_users-0 -> (Leader:0,ISR:0,LeaderRecoveryState:RECOVERED,LeaderEpoch:0,ZkVersion:0,ControllerEpoch:1),connect-offsets-23 -> (Leader:0,ISR:0,LeaderRecoveryState:RECOVERED,LeaderEpoch:0,ZkVersion:0,ControllerEpoch:1),__consumer_offsets-43 -> (Leader:0,ISR:0,LeaderRecoveryState:RECOVERED,LeaderEpoch:0,ZkVersion:0,ControllerEpoch:1),__consumer_offsets-32 -> (Leader:0,ISR:0,LeaderRecoveryState:RECOVERED,LeaderEpoch:0,ZkVersion:0,ControllerEpoch:1),__consumer_offsets-21 -> (Leader:0,ISR:0,LeaderRecoveryState:RECOVERED,LeaderEpoch:0,ZkVersion:0,ControllerEpoch:1),__consumer_offsets-10 -> (Leader:0,ISR:0,LeaderRecoveryState:RECOVERED,LeaderEpoch:0,ZkVersion:0,ControllerEpoch:1),connect-offsets-9 -> (Leader:0,ISR:0,LeaderRecoveryState:RECOVERED,LeaderEpoch:0,ZkVersion:0,ControllerEpoch:1),connect-offsets-20 -> (Leader:0,ISR:0,LeaderRecoveryState:RECOVERED,LeaderEpoch:0,ZkVersion:0,ControllerEpoch:1),__consumer_offsets-37 -> (Leader:0,ISR:0,LeaderRecoveryState:RECOVERED,LeaderEpoch:0,ZkVersion:0,ControllerEpoch:1),connect-status-4 -> (Leader:0,ISR:0,LeaderRecoveryState:RECOVERED,LeaderEpoch:0,ZkVersion:0,ControllerEpoch:1),__consumer_offsets-48 -> (Leader:0,ISR:0,LeaderRecoveryState:RECOVERED,LeaderEpoch:0,ZkVersion:0,ControllerEpoch:1),connect-offsets-14 -> (Leader:0,ISR:0,LeaderRecoveryState:RECOVERED,LeaderEpoch:0,ZkVersion:0,ControllerEpoch:1),__consumer_offsets-40 -> (Leader:0,ISR:0,LeaderRecoveryState:RECOVERED,LeaderEpoch:0,ZkVersion:0,ControllerEpoch:1),__consumer_offsets-18 -> (Leader:0,ISR:0,LeaderRecoveryState:RECOVERED,LeaderEpoch:0,ZkVersion:0,ControllerEpoch:1),__consumer_offsets-29 -> (Leader:0,ISR:0,LeaderRecoveryState:RECOVERED,LeaderEpoch:0,ZkVersion:0,ControllerEpoch:1),__consumer_offsets-7 -> (Leader:0,ISR:0,LeaderRecoveryState:RECOVERED,LeaderEpoch:0,ZkVersion:0,ControllerEpoch:1),__consumer_offsets-23 -> (Leader:0,ISR:0,LeaderRecoveryState:RECOVERED,LeaderEpoch:0,ZkVersion:0,ControllerEpoch:1),__consumer_offsets-45 -> (Leader:0,ISR:0,LeaderRecoveryState:RECOVERED,LeaderEpoch:0,ZkVersion:0,ControllerEpoch:1),__consumer_offsets-34 -> (Leader:0,ISR:0,LeaderRecoveryState:RECOVERED,LeaderEpoch:0,ZkVersion:0,ControllerEpoch:1),connect-offsets-6 -> (Leader:0,ISR:0,LeaderRecoveryState:RECOVERED,LeaderEpoch:0,ZkVersion:0,ControllerEpoch:1),connect-status-1 -> (Leader:0,ISR:0,LeaderRecoveryState:RECOVERED,LeaderEpoch:0,ZkVersion:0,ControllerEpoch:1),connect-offsets-17 -> (Leader:0,ISR:0,LeaderRecoveryState:RECOVERED,LeaderEpoch:0,ZkVersion:0,ControllerEpoch:1),connect-offsets-0 -> (Leader:0,ISR:0,LeaderRecoveryState:RECOVERED,LeaderEpoch:0,ZkVersion:0,ControllerEpoch:1),connect-offsets-22 -> (Leader:0,ISR:0,LeaderRecoveryState:RECOVERED,LeaderEpoch:0,ZkVersion:0,ControllerEpoch:1),connect-offsets-11 -> (Leader:0,ISR:0,LeaderRecoveryState:RECOVERED,LeaderEpoch:0,ZkVersion:0,ControllerEpoch:1),__consumer_offsets-26 -> (Leader:0,ISR:0,LeaderRecoveryState:RECOVERED,LeaderEpoch:0,ZkVersion:0,ControllerEpoch:1),__consumer_offsets-4 -> (Leader:0,ISR:0,LeaderRecoveryState:RECOVERED,LeaderEpoch:0,ZkVersion:0,ControllerEpoch:1),__consumer_offsets-15 -> (Leader:0,ISR:0,LeaderRecoveryState:RECOVERED,LeaderEpoch:0,ZkVersion:0,ControllerEpoch:1),__consumer_offsets-42 -> (Leader:0,ISR:0,LeaderRecoveryState:RECOVERED,LeaderEpoch:0,ZkVersion:0,ControllerEpoch:1),connect-offsets-3 -> (Leader:0,ISR:0,LeaderRecoveryState:RECOVERED,LeaderEpoch:0,ZkVersion:0,ControllerEpoch:1),__consumer_offsets-31 -> (Leader:0,ISR:0,LeaderRecoveryState:RECOVERED,LeaderEpoch:0,ZkVersion:0,ControllerEpoch:1),__consumer_offsets-9 -> (Leader:0,ISR:0,LeaderRecoveryState:RECOVERED,LeaderEpoch:0,ZkVersion:0,ControllerEpoch:1),__consumer_offsets-20 -> (Leader:0,ISR:0,LeaderRecoveryState:RECOVERED,LeaderEpoch:0,ZkVersion:0,ControllerEpoch:1),__consumer_offsets-12 -> (Leader:0,ISR:0,LeaderRecoveryState:RECOVERED,LeaderEpoch:0,ZkVersion:0,ControllerEpoch:1),__consumer_offsets-1 -> (Leader:0,ISR:0,LeaderRecoveryState:RECOVERED,LeaderEpoch:0,ZkVersion:0,ControllerEpoch:1),connect-status-3 -> (Leader:0,ISR:0,LeaderRecoveryState:RECOVERED,LeaderEpoch:0,ZkVersion:0,ControllerEpoch:1),connect-offsets-19 -> (Leader:0,ISR:0,LeaderRecoveryState:RECOVERED,LeaderEpoch:0,ZkVersion:0,ControllerEpoch:1),connect-offsets-8 -> (Leader:0,ISR:0,LeaderRecoveryState:RECOVERED,LeaderEpoch:0,ZkVersion:0,ControllerEpoch:1),__consumer_offsets-28 -> (Leader:0,ISR:0,LeaderRecoveryState:RECOVERED,LeaderEpoch:0,ZkVersion:0,ControllerEpoch:1),__consumer_offsets-17 -> (Leader:0,ISR:0,LeaderRecoveryState:RECOVERED,LeaderEpoch:0,ZkVersion:0,ControllerEpoch:1),__consumer_offsets-6 -> (Leader:0,ISR:0,LeaderRecoveryState:RECOVERED,LeaderEpoch:0,ZkVersion:0,ControllerEpoch:1),__consumer_offsets-39 -> (Leader:0,ISR:0,LeaderRecoveryState:RECOVERED,LeaderEpoch:0,ZkVersion:0,ControllerEpoch:1),__consumer_offsets-44 -> (Leader:0,ISR:0,LeaderRecoveryState:RECOVERED,LeaderEpoch:0,ZkVersion:0,ControllerEpoch:1),connect-offsets-16 -> (Leader:0,ISR:0,LeaderRecoveryState:RECOVERED,LeaderEpoch:0,ZkVersion:0,ControllerEpoch:1),connect-status-0 -> (Leader:0,ISR:0,LeaderRecoveryState:RECOVERED,LeaderEpoch:0,ZkVersion:0,ControllerEpoch:1),connect-offsets-5 -> (Leader:0,ISR:0,LeaderRecoveryState:RECOVERED,LeaderEpoch:0,ZkVersion:0,ControllerEpoch:1),connect-offsets-21 -> (Leader:0,ISR:0,LeaderRecoveryState:RECOVERED,LeaderEpoch:0,ZkVersion:0,ControllerEpoch:1),__consumer_offsets-36 -> (Leader:0,ISR:0,LeaderRecoveryState:RECOVERED,LeaderEpoch:0,ZkVersion:0,ControllerEpoch:1),__consumer_offsets-47 -> (Leader:0,ISR:0,LeaderRecoveryState:RECOVERED,LeaderEpoch:0,ZkVersion:0,ControllerEpoch:1),__consumer_offsets-3 -> (Leader:0,ISR:0,LeaderRecoveryState:RECOVERED,LeaderEpoch:0,ZkVersion:0,ControllerEpoch:1),__consumer_offsets-25 -> (Leader:0,ISR:0,LeaderRecoveryState:RECOVERED,LeaderEpoch:0,ZkVersion:0,ControllerEpoch:1),__consumer_offsets-14 -> (Leader:0,ISR:0,LeaderRecoveryState:RECOVERED,LeaderEpoch:0,ZkVersion:0,ControllerEpoch:1),__consumer_offsets-30 -> (Leader:0,ISR:0,LeaderRecoveryState:RECOVERED,LeaderEpoch:0,ZkVersion:0,ControllerEpoch:1),__consumer_offsets-41 -> (Leader:0,ISR:0,LeaderRecoveryState:RECOVERED,LeaderEpoch:0,ZkVersion:0,ControllerEpoch:1),connect-offsets-13 -> (Leader:0,ISR:0,LeaderRecoveryState:RECOVERED,LeaderEpoch:0,ZkVersion:0,ControllerEpoch:1),connect-offsets-2 -> (Leader:0,ISR:0,LeaderRecoveryState:RECOVERED,LeaderEpoch:0,ZkVersion:0,ControllerEpoch:1),connect-offsets-24 -> (Leader:0,ISR:0,LeaderRecoveryState:RECOVERED,LeaderEpoch:0,ZkVersion:0,ControllerEpoch:1),connect-configs-0 -> (Leader:0,ISR:0,LeaderRecoveryState:RECOVERED,LeaderEpoch:0,ZkVersion:0,ControllerEpoch:1),__consumer_offsets-33 -> (Leader:0,ISR:0,LeaderRecoveryState:RECOVERED,LeaderEpoch:0,ZkVersion:0,ControllerEpoch:1),__consumer_offsets-22 -> (Leader:0,ISR:0,LeaderRecoveryState:RECOVERED,LeaderEpoch:0,ZkVersion:0,ControllerEpoch:1),__consumer_offsets-11 -> (Leader:0,ISR:0,LeaderRecoveryState:RECOVERED,LeaderEpoch:0,ZkVersion:0,ControllerEpoch:1),__consumer_offsets-0 -> (Leader:0,ISR:0,LeaderRecoveryState:RECOVERED,LeaderEpoch:0,ZkVersion:0,ControllerEpoch:1),connect-offsets-18 -> (Leader:0,ISR:0,LeaderRecoveryState:RECOVERED,LeaderEpoch:0,ZkVersion:0,ControllerEpoch:1),connect-offsets-7 -> (Leader:0,ISR:0,LeaderRecoveryState:RECOVERED,LeaderEpoch:0,ZkVersion:0,ControllerEpoch:1) (kafka.controller.KafkaController)
[2023-12-19 14:36:27,611] INFO [ControllerEventThread controllerId=0] Shutting down (kafka.controller.ControllerEventManager$ControllerEventThread)
[2023-12-19 14:36:27,612] INFO [ControllerEventThread controllerId=0] Stopped (kafka.controller.ControllerEventManager$ControllerEventThread)
[2023-12-19 14:36:27,612] INFO [ControllerEventThread controllerId=0] Shutdown completed (kafka.controller.ControllerEventManager$ControllerEventThread)
[2023-12-19 14:36:27,612] DEBUG [Controller id=0] Resigning (kafka.controller.KafkaController)
[2023-12-19 14:36:27,612] DEBUG [Controller id=0] Unregister BrokerModifications handler for Set(0) (kafka.controller.KafkaController)
[2023-12-19 14:36:27,613] INFO [PartitionStateMachine controllerId=0] Stopped partition state machine (kafka.controller.ZkPartitionStateMachine)
[2023-12-19 14:36:27,614] INFO [ReplicaStateMachine controllerId=0] Stopped replica state machine (kafka.controller.ZkReplicaStateMachine)
[2023-12-19 14:36:27,615] INFO [RequestSendThread controllerId=0] Shutting down (kafka.controller.RequestSendThread)
[2023-12-19 14:36:27,615] INFO [RequestSendThread controllerId=0] Stopped (kafka.controller.RequestSendThread)
[2023-12-19 14:36:27,615] INFO [RequestSendThread controllerId=0] Shutdown completed (kafka.controller.RequestSendThread)
[2023-12-19 14:36:27,617] INFO [Controller id=0] Resigned (kafka.controller.KafkaController)
