[2023-02-19 08:42:16,937] INFO Starting the log cleaner (kafka.log.LogCleaner)
[2023-02-19 08:42:16,996] INFO [kafka-log-cleaner-thread-0]: Starting (kafka.log.LogCleaner)
[2023-02-19 08:47:07,297] INFO Starting the log cleaner (kafka.log.LogCleaner)
[2023-02-19 08:47:07,341] INFO [kafka-log-cleaner-thread-0]: Starting (kafka.log.LogCleaner)
[2023-02-19 08:47:23,005] INFO Starting the log cleaner (kafka.log.LogCleaner)
[2023-02-19 08:47:23,052] INFO [kafka-log-cleaner-thread-0]: Starting (kafka.log.LogCleaner)
[2023-02-19 08:47:23,475] INFO Shutting down the log cleaner. (kafka.log.LogCleaner)
[2023-02-19 08:47:23,475] INFO [kafka-log-cleaner-thread-0]: Shutting down (kafka.log.LogCleaner)
[2023-02-19 08:47:23,476] INFO [kafka-log-cleaner-thread-0]: Stopped (kafka.log.LogCleaner)
[2023-02-19 08:47:23,476] INFO [kafka-log-cleaner-thread-0]: Shutdown completed (kafka.log.LogCleaner)
[2023-02-19 08:47:50,401] INFO Starting the log cleaner (kafka.log.LogCleaner)
[2023-02-19 08:47:50,450] INFO [kafka-log-cleaner-thread-0]: Starting (kafka.log.LogCleaner)
[2023-02-19 09:22:00,963] INFO Shutting down the log cleaner. (kafka.log.LogCleaner)
[2023-02-19 09:22:00,965] INFO [kafka-log-cleaner-thread-0]: Shutting down (kafka.log.LogCleaner)
[2023-02-19 09:22:00,965] INFO [kafka-log-cleaner-thread-0]: Stopped (kafka.log.LogCleaner)
[2023-02-19 09:22:00,965] INFO [kafka-log-cleaner-thread-0]: Shutdown completed (kafka.log.LogCleaner)
[2023-12-14 10:06:46,601] INFO Starting the log cleaner (kafka.log.LogCleaner)
[2023-12-14 10:06:46,684] INFO [kafka-log-cleaner-thread-0]: Starting (kafka.log.LogCleaner)
[2023-12-14 11:43:46,266] INFO Shutting down the log cleaner. (kafka.log.LogCleaner)
[2023-12-14 11:43:46,267] INFO [kafka-log-cleaner-thread-0]: Shutting down (kafka.log.LogCleaner)
[2023-12-14 11:43:46,268] INFO [kafka-log-cleaner-thread-0]: Stopped (kafka.log.LogCleaner)
[2023-12-14 11:43:46,268] INFO [kafka-log-cleaner-thread-0]: Shutdown completed (kafka.log.LogCleaner)
